
=== curriculum ===
Command:
/home/medcvr/miniconda3/envs/vsmae/bin/python3.10 /home/medcvr/Desktop/hamza/multicam-vit/MultiModalViT/pretrain_vtmae.py --camera_names gripperPOV corner corner2 --frame_stack 3 --action_repeat 2 --patch_size 6 --batch_size 32 --log_every 100 --save_every 1000 --vis_every 10000 --steps 50000 --schedule default_3cam --out /home/medcvr/Desktop/hamza/multicam-vit/MultiModalViT/seq_runs/curriculum_20260329_173506/vtmae_curriculum_50000.pt --preview_dir /home/medcvr/Desktop/hamza/multicam-vit/MultiModalViT/seq_runs/curriculum_20260329_173506/previews
[VTMAE-3CAM] channels=9, views=3, size=(84,84)
[VTMAE-3CAM] cameras=['gripperPOV', 'corner', 'corner2']
VT-MAE: Multi-view ViT patch tokeniser (3-view dynamic masking)
[Params] MultiViewVST total: 2,240,648 | trainable: 2,240,648
[Params] MultiViewVSMAE total: 4,860,244 | trainable: 4,860,244
[Params breakdown] encoder=2,240,648 decoder=2,367,488 heads=249,804
[100/50000] phase=A total=0.0286 ema=0.2424 recon=0.0286 align=0.0000 v0=0.0218 v1=0.0204 v2=0.0437 visible=0.0286 cross=0.0000 patterns(t/s)=32/0 mask(v0/v1/v2)=0.75/0.75/0.75
[200/50000] phase=A total=0.0218 ema=0.1047 recon=0.0218 align=0.0003 v0=0.0169 v1=0.0190 v2=0.0240 visible=0.0204 cross=0.0017 patterns(t/s)=29/3 mask(v0/v1/v2)=0.75/0.75/0.75
[300/50000] phase=A total=0.0179 ema=0.0501 recon=0.0179 align=0.0001 v0=0.0149 v1=0.0175 v2=0.0182 visible=0.0171 cross=0.0010 patterns(t/s)=30/2 mask(v0/v1/v2)=0.75/0.75/0.75
[400/50000] phase=A total=0.0159 ema=0.0286 recon=0.0159 align=0.0002 v0=0.0151 v1=0.0151 v2=0.0144 visible=0.0149 cross=0.0010 patterns(t/s)=30/2 mask(v0/v1/v2)=0.75/0.75/0.75
[500/50000] phase=A total=0.0149 ema=0.0196 recon=0.0149 align=0.0005 v0=0.0135 v1=0.0131 v2=0.0141 visible=0.0136 cross=0.0013 patterns(t/s)=29/3 mask(v0/v1/v2)=0.75/0.75/0.75
[600/50000] phase=A total=0.0123 ema=0.0158 recon=0.0122 align=0.0002 v0=0.0112 v1=0.0123 v2=0.0120 visible=0.0118 cross=0.0004 patterns(t/s)=31/1 mask(v0/v1/v2)=0.75/0.75/0.75
[700/50000] phase=A total=0.0122 ema=0.0137 recon=0.0121 align=0.0005 v0=0.0092 v1=0.0115 v2=0.0117 visible=0.0108 cross=0.0013 patterns(t/s)=28/4 mask(v0/v1/v2)=0.75/0.75/0.75
[800/50000] phase=A total=0.0104 ema=0.0125 recon=0.0103 align=0.0006 v0=0.0082 v1=0.0105 v2=0.0103 visible=0.0095 cross=0.0007 patterns(t/s)=30/2 mask(v0/v1/v2)=0.75/0.75/0.75
[900/50000] phase=A total=0.0116 ema=0.0115 recon=0.0116 align=0.0001 v0=0.0115 v1=0.0103 v2=0.0117 visible=0.0112 cross=0.0004 patterns(t/s)=31/1 mask(v0/v1/v2)=0.75/0.75/0.75
[1000/50000] phase=A total=0.0090 ema=0.0107 recon=0.0090 align=0.0001 v0=0.0091 v1=0.0095 v2=0.0066 visible=0.0083 cross=0.0006 patterns(t/s)=30/2 mask(v0/v1/v2)=0.75/0.75/0.75
[1100/50000] phase=A total=0.0103 ema=0.0097 recon=0.0103 align=0.0005 v0=0.0130 v1=0.0078 v2=0.0075 visible=0.0096 cross=0.0008 patterns(t/s)=29/3 mask(v0/v1/v2)=0.75/0.75/0.75
[1200/50000] phase=A total=0.0077 ema=0.0089 recon=0.0077 align=0.0000 v0=0.0084 v1=0.0076 v2=0.0061 visible=0.0074 cross=0.0003 patterns(t/s)=31/1 mask(v0/v1/v2)=0.75/0.75/0.75
[1300/50000] phase=A total=0.0073 ema=0.0081 recon=0.0073 align=0.0000 v0=0.0115 v1=0.0056 v2=0.0044 visible=0.0071 cross=0.0002 patterns(t/s)=31/1 mask(v0/v1/v2)=0.75/0.75/0.75
[1400/50000] phase=A total=0.0061 ema=0.0076 recon=0.0061 align=0.0000 v0=0.0067 v1=0.0053 v2=0.0055 visible=0.0058 cross=0.0003 patterns(t/s)=31/1 mask(v0/v1/v2)=0.75/0.75/0.75
[1500/50000] phase=A total=0.0058 ema=0.0068 recon=0.0058 align=0.0001 v0=0.0058 v1=0.0049 v2=0.0048 visible=0.0051 cross=0.0006 patterns(t/s)=29/3 mask(v0/v1/v2)=0.75/0.75/0.75
[1600/50000] phase=A total=0.0050 ema=0.0063 recon=0.0050 align=0.0001 v0=0.0060 v1=0.0040 v2=0.0036 visible=0.0045 cross=0.0005 patterns(t/s)=29/3 mask(v0/v1/v2)=0.75/0.75/0.75
[1700/50000] phase=A total=0.0051 ema=0.0061 recon=0.0051 align=0.0000 v0=0.0070 v1=0.0042 v2=0.0041 visible=0.0051 cross=0.0000 patterns(t/s)=32/0 mask(v0/v1/v2)=0.75/0.75/0.75
[1800/50000] phase=A total=0.0060 ema=0.0059 recon=0.0059 align=0.0006 v0=0.0080 v1=0.0049 v2=0.0030 visible=0.0052 cross=0.0006 patterns(t/s)=29/3 mask(v0/v1/v2)=0.75/0.75/0.75
[1900/50000] phase=A total=0.0052 ema=0.0055 recon=0.0051 align=0.0001 v0=0.0071 v1=0.0047 v2=0.0032 visible=0.0049 cross=0.0002 patterns(t/s)=31/1 mask(v0/v1/v2)=0.75/0.75/0.75
[2000/50000] phase=A total=0.0039 ema=0.0051 recon=0.0039 align=0.0001 v0=0.0052 v1=0.0033 v2=0.0024 visible=0.0037 cross=0.0002 patterns(t/s)=30/2 mask(v0/v1/v2)=0.75/0.75/0.75
[2100/50000] phase=A total=0.0053 ema=0.0050 recon=0.0052 align=0.0007 v0=0.0062 v1=0.0051 v2=0.0035 visible=0.0049 cross=0.0003 patterns(t/s)=30/2 mask(v0/v1/v2)=0.75/0.75/0.75
[2200/50000] phase=A total=0.0051 ema=0.0049 recon=0.0050 align=0.0005 v0=0.0062 v1=0.0042 v2=0.0033 visible=0.0047 cross=0.0004 patterns(t/s)=29/3 mask(v0/v1/v2)=0.75/0.75/0.75
[2300/50000] phase=A total=0.0039 ema=0.0048 recon=0.0039 align=0.0000 v0=0.0056 v1=0.0034 v2=0.0026 visible=0.0039 cross=0.0000 patterns(t/s)=32/0 mask(v0/v1/v2)=0.75/0.75/0.75
[2400/50000] phase=A total=0.0049 ema=0.0044 recon=0.0048 align=0.0006 v0=0.0061 v1=0.0037 v2=0.0033 visible=0.0044 cross=0.0004 patterns(t/s)=29/3 mask(v0/v1/v2)=0.75/0.75/0.75
[2500/50000] phase=A total=0.0044 ema=0.0044 recon=0.0043 align=0.0002 v0=0.0043 v1=0.0039 v2=0.0034 visible=0.0040 cross=0.0004 patterns(t/s)=28/4 mask(v0/v1/v2)=0.75/0.75/0.75
[2600/50000] phase=A total=0.0039 ema=0.0043 recon=0.0039 align=0.0001 v0=0.0046 v1=0.0036 v2=0.0027 visible=0.0037 cross=0.0002 patterns(t/s)=30/2 mask(v0/v1/v2)=0.75/0.75/0.75
[2700/50000] phase=A total=0.0036 ema=0.0042 recon=0.0036 align=0.0001 v0=0.0045 v1=0.0032 v2=0.0023 visible=0.0034 cross=0.0002 patterns(t/s)=30/2 mask(v0/v1/v2)=0.75/0.75/0.75
[2800/50000] phase=A total=0.0038 ema=0.0041 recon=0.0036 align=0.0017 v0=0.0042 v1=0.0031 v2=0.0019 visible=0.0029 cross=0.0006 patterns(t/s)=28/4 mask(v0/v1/v2)=0.75/0.75/0.75
[2900/50000] phase=A total=0.0038 ema=0.0042 recon=0.0037 align=0.0006 v0=0.0042 v1=0.0036 v2=0.0026 visible=0.0034 cross=0.0003 patterns(t/s)=30/2 mask(v0/v1/v2)=0.75/0.75/0.75
[3000/50000] phase=A total=0.0036 ema=0.0042 recon=0.0036 align=0.0000 v0=0.0048 v1=0.0033 v2=0.0027 visible=0.0036 cross=0.0000 patterns(t/s)=32/0 mask(v0/v1/v2)=0.75/0.75/0.75
[3100/50000] phase=A total=0.0045 ema=0.0041 recon=0.0045 align=0.0000 v0=0.0038 v1=0.0060 v2=0.0038 visible=0.0045 cross=0.0000 patterns(t/s)=32/0 mask(v0/v1/v2)=0.75/0.75/0.75
[3200/50000] phase=A total=0.0037 ema=0.0040 recon=0.0035 align=0.0016 v0=0.0043 v1=0.0028 v2=0.0021 visible=0.0030 cross=0.0005 patterns(t/s)=29/3 mask(v0/v1/v2)=0.75/0.75/0.75
[3300/50000] phase=A total=0.0040 ema=0.0040 recon=0.0038 align=0.0026 v0=0.0036 v1=0.0039 v2=0.0024 visible=0.0032 cross=0.0005 patterns(t/s)=29/3 mask(v0/v1/v2)=0.75/0.75/0.75
[3400/50000] phase=A total=0.0042 ema=0.0039 recon=0.0039 align=0.0034 v0=0.0043 v1=0.0033 v2=0.0027 visible=0.0032 cross=0.0005 patterns(t/s)=30/2 mask(v0/v1/v2)=0.75/0.75/0.75
[3500/50000] phase=A total=0.0039 ema=0.0039 recon=0.0039 align=0.0001 v0=0.0039 v1=0.0036 v2=0.0034 visible=0.0036 cross=0.0002 patterns(t/s)=30/2 mask(v0/v1/v2)=0.75/0.75/0.75
[3600/50000] phase=A total=0.0038 ema=0.0039 recon=0.0036 align=0.0024 v0=0.0032 v1=0.0032 v2=0.0028 visible=0.0029 cross=0.0006 patterns(t/s)=28/4 mask(v0/v1/v2)=0.75/0.75/0.75
[3700/50000] phase=A total=0.0047 ema=0.0041 recon=0.0046 align=0.0004 v0=0.0064 v1=0.0037 v2=0.0028 visible=0.0043 cross=0.0003 patterns(t/s)=30/2 mask(v0/v1/v2)=0.75/0.75/0.75
[3800/50000] phase=A total=0.0030 ema=0.0039 recon=0.0030 align=0.0000 v0=0.0031 v1=0.0036 v2=0.0021 visible=0.0030 cross=0.0001 patterns(t/s)=31/1 mask(v0/v1/v2)=0.75/0.75/0.75
[3900/50000] phase=A total=0.0058 ema=0.0039 recon=0.0058 align=0.0001 v0=0.0094 v1=0.0039 v2=0.0032 visible=0.0057 cross=0.0002 patterns(t/s)=30/2 mask(v0/v1/v2)=0.75/0.75/0.75
[4000/50000] phase=A total=0.0044 ema=0.0038 recon=0.0038 align=0.0054 v0=0.0043 v1=0.0033 v2=0.0023 visible=0.0031 cross=0.0006 patterns(t/s)=29/3 mask(v0/v1/v2)=0.75/0.75/0.75
[4100/50000] phase=A total=0.0027 ema=0.0037 recon=0.0025 align=0.0012 v0=0.0025 v1=0.0027 v2=0.0020 visible=0.0024 cross=0.0001 patterns(t/s)=31/1 mask(v0/v1/v2)=0.75/0.75/0.75
[4200/50000] phase=A total=0.0039 ema=0.0037 recon=0.0037 align=0.0025 v0=0.0053 v1=0.0027 v2=0.0018 visible=0.0031 cross=0.0005 patterns(t/s)=30/2 mask(v0/v1/v2)=0.75/0.75/0.75
[4300/50000] phase=A total=0.0048 ema=0.0038 recon=0.0047 align=0.0011 v0=0.0064 v1=0.0034 v2=0.0033 visible=0.0042 cross=0.0004 patterns(t/s)=31/1 mask(v0/v1/v2)=0.75/0.75/0.75
[4400/50000] phase=A total=0.0032 ema=0.0037 recon=0.0031 align=0.0003 v0=0.0048 v1=0.0023 v2=0.0017 visible=0.0029 cross=0.0002 patterns(t/s)=30/2 mask(v0/v1/v2)=0.75/0.75/0.75
[4500/50000] phase=A total=0.0029 ema=0.0036 recon=0.0028 align=0.0012 v0=0.0029 v1=0.0030 v2=0.0019 visible=0.0025 cross=0.0002 patterns(t/s)=30/2 mask(v0/v1/v2)=0.75/0.75/0.75
[4600/50000] phase=A total=0.0034 ema=0.0036 recon=0.0031 align=0.0025 v0=0.0035 v1=0.0029 v2=0.0023 visible=0.0028 cross=0.0002 patterns(t/s)=30/2 mask(v0/v1/v2)=0.75/0.75/0.75
[4700/50000] phase=A total=0.0028 ema=0.0036 recon=0.0028 align=0.0007 v0=0.0032 v1=0.0029 v2=0.0018 visible=0.0026 cross=0.0002 patterns(t/s)=31/1 mask(v0/v1/v2)=0.75/0.75/0.75
[4800/50000] phase=A total=0.0048 ema=0.0035 recon=0.0040 align=0.0073 v0=0.0045 v1=0.0029 v2=0.0019 visible=0.0027 cross=0.0011 patterns(t/s)=28/4 mask(v0/v1/v2)=0.75/0.75/0.75
[4900/50000] phase=A total=0.0034 ema=0.0035 recon=0.0034 align=0.0001 v0=0.0037 v1=0.0032 v2=0.0030 visible=0.0033 cross=0.0001 patterns(t/s)=31/1 mask(v0/v1/v2)=0.75/0.75/0.75
[5000/50000] phase=A total=0.0058 ema=0.0036 recon=0.0057 align=0.0011 v0=0.0082 v1=0.0032 v2=0.0031 visible=0.0047 cross=0.0009 patterns(t/s)=27/5 mask(v0/v1/v2)=0.75/0.75/0.75
[5100/50000] phase=A total=0.0037 ema=0.0037 recon=0.0032 align=0.0045 v0=0.0037 v1=0.0026 v2=0.0019 visible=0.0026 cross=0.0005 patterns(t/s)=30/2 mask(v0/v1/v2)=0.75/0.75/0.75
[5200/50000] phase=A total=0.0026 ema=0.0035 recon=0.0025 align=0.0008 v0=0.0028 v1=0.0023 v2=0.0019 visible=0.0023 cross=0.0002 patterns(t/s)=30/2 mask(v0/v1/v2)=0.75/0.75/0.75
[5300/50000] phase=A total=0.0037 ema=0.0035 recon=0.0037 align=0.0000 v0=0.0027 v1=0.0051 v2=0.0031 visible=0.0036 cross=0.0001 patterns(t/s)=31/1 mask(v0/v1/v2)=0.75/0.75/0.75
[5400/50000] phase=A total=0.0031 ema=0.0035 recon=0.0029 align=0.0013 v0=0.0037 v1=0.0026 v2=0.0017 visible=0.0026 cross=0.0003 patterns(t/s)=30/2 mask(v0/v1/v2)=0.75/0.75/0.75
[5500/50000] phase=A total=0.0029 ema=0.0035 recon=0.0027 align=0.0015 v0=0.0029 v1=0.0031 v2=0.0017 visible=0.0025 cross=0.0002 patterns(t/s)=31/1 mask(v0/v1/v2)=0.75/0.75/0.75
[5600/50000] phase=A total=0.0037 ema=0.0035 recon=0.0035 align=0.0014 v0=0.0043 v1=0.0027 v2=0.0024 visible=0.0030 cross=0.0004 patterns(t/s)=29/3 mask(v0/v1/v2)=0.75/0.75/0.75
[5700/50000] phase=A total=0.0031 ema=0.0038 recon=0.0031 align=0.0000 v0=0.0029 v1=0.0034 v2=0.0030 visible=0.0031 cross=0.0000 patterns(t/s)=32/0 mask(v0/v1/v2)=0.75/0.75/0.75
[5800/50000] phase=A total=0.0021 ema=0.0037 recon=0.0021 align=0.0000 v0=0.0025 v1=0.0022 v2=0.0016 visible=0.0021 cross=0.0000 patterns(t/s)=32/0 mask(v0/v1/v2)=0.75/0.75/0.75
[5900/50000] phase=A total=0.0027 ema=0.0035 recon=0.0025 align=0.0013 v0=0.0027 v1=0.0025 v2=0.0021 visible=0.0024 cross=0.0001 patterns(t/s)=31/1 mask(v0/v1/v2)=0.75/0.75/0.75
[6000/50000] phase=A total=0.0030 ema=0.0034 recon=0.0030 align=0.0006 v0=0.0036 v1=0.0028 v2=0.0021 visible=0.0028 cross=0.0002 patterns(t/s)=30/2 mask(v0/v1/v2)=0.75/0.75/0.75
[6100/50000] phase=A total=0.0038 ema=0.0034 recon=0.0035 align=0.0023 v0=0.0031 v1=0.0041 v2=0.0024 visible=0.0031 cross=0.0003 patterns(t/s)=29/3 mask(v0/v1/v2)=0.75/0.75/0.75
[6200/50000] phase=A total=0.0029 ema=0.0033 recon=0.0028 align=0.0012 v0=0.0030 v1=0.0032 v2=0.0018 visible=0.0026 cross=0.0001 patterns(t/s)=31/1 mask(v0/v1/v2)=0.75/0.75/0.75
[6300/50000] phase=A total=0.0047 ema=0.0033 recon=0.0045 align=0.0022 v0=0.0065 v1=0.0030 v2=0.0024 visible=0.0038 cross=0.0006 patterns(t/s)=29/3 mask(v0/v1/v2)=0.75/0.75/0.75
[6400/50000] phase=A total=0.0022 ema=0.0033 recon=0.0022 align=0.0000 v0=0.0023 v1=0.0024 v2=0.0017 visible=0.0022 cross=0.0001 patterns(t/s)=31/1 mask(v0/v1/v2)=0.75/0.75/0.75
[6500/50000] phase=A total=0.0039 ema=0.0034 recon=0.0038 align=0.0003 v0=0.0052 v1=0.0032 v2=0.0025 visible=0.0037 cross=0.0002 patterns(t/s)=30/2 mask(v0/v1/v2)=0.75/0.75/0.75
[6600/50000] phase=A total=0.0027 ema=0.0034 recon=0.0024 align=0.0029 v0=0.0028 v1=0.0023 v2=0.0016 visible=0.0022 cross=0.0001 patterns(t/s)=31/1 mask(v0/v1/v2)=0.75/0.75/0.75
[6700/50000] phase=A total=0.0025 ema=0.0033 recon=0.0025 align=0.0002 v0=0.0027 v1=0.0024 v2=0.0019 visible=0.0023 cross=0.0002 patterns(t/s)=30/2 mask(v0/v1/v2)=0.75/0.75/0.75
[6800/50000] phase=A total=0.0050 ema=0.0033 recon=0.0044 align=0.0056 v0=0.0053 v1=0.0033 v2=0.0025 visible=0.0033 cross=0.0008 patterns(t/s)=30/2 mask(v0/v1/v2)=0.75/0.75/0.75
[6900/50000] phase=A total=0.0023 ema=0.0032 recon=0.0023 align=0.0000 v0=0.0025 v1=0.0024 v2=0.0021 visible=0.0023 cross=0.0000 patterns(t/s)=32/0 mask(v0/v1/v2)=0.75/0.75/0.75
[7000/50000] phase=A total=0.0025 ema=0.0032 recon=0.0025 align=0.0001 v0=0.0024 v1=0.0027 v2=0.0019 visible=0.0024 cross=0.0002 patterns(t/s)=30/2 mask(v0/v1/v2)=0.75/0.75/0.75
[7100/50000] phase=A total=0.0034 ema=0.0033 recon=0.0034 align=0.0001 v0=0.0029 v1=0.0042 v2=0.0026 visible=0.0034 cross=0.0001 patterns(t/s)=31/1 mask(v0/v1/v2)=0.75/0.75/0.75
[7200/50000] phase=A total=0.0033 ema=0.0032 recon=0.0031 align=0.0019 v0=0.0030 v1=0.0026 v2=0.0024 visible=0.0025 cross=0.0005 patterns(t/s)=29/3 mask(v0/v1/v2)=0.75/0.75/0.75
[7300/50000] phase=A total=0.0080 ema=0.0033 recon=0.0071 align=0.0085 v0=0.0089 v1=0.0034 v2=0.0038 visible=0.0053 cross=0.0018 patterns(t/s)=25/7 mask(v0/v1/v2)=0.75/0.75/0.75
[7400/50000] phase=A total=0.0029 ema=0.0031 recon=0.0027 align=0.0023 v0=0.0025 v1=0.0028 v2=0.0018 visible=0.0022 cross=0.0004 patterns(t/s)=30/2 mask(v0/v1/v2)=0.75/0.75/0.75
[7500/50000] phase=A total=0.0041 ema=0.0030 recon=0.0037 align=0.0038 v0=0.0039 v1=0.0025 v2=0.0023 visible=0.0027 cross=0.0009 patterns(t/s)=27/5 mask(v0/v1/v2)=0.75/0.75/0.75
[7600/50000] phase=A total=0.0025 ema=0.0033 recon=0.0024 align=0.0008 v0=0.0020 v1=0.0026 v2=0.0019 visible=0.0021 cross=0.0002 patterns(t/s)=30/2 mask(v0/v1/v2)=0.75/0.75/0.75
[7700/50000] phase=A total=0.0028 ema=0.0031 recon=0.0028 align=0.0002 v0=0.0031 v1=0.0029 v2=0.0020 visible=0.0026 cross=0.0001 patterns(t/s)=31/1 mask(v0/v1/v2)=0.75/0.75/0.75
[7800/50000] phase=A total=0.0024 ema=0.0030 recon=0.0023 align=0.0014 v0=0.0018 v1=0.0024 v2=0.0015 visible=0.0018 cross=0.0004 patterns(t/s)=28/4 mask(v0/v1/v2)=0.75/0.75/0.75
[7900/50000] phase=A total=0.0035 ema=0.0031 recon=0.0031 align=0.0035 v0=0.0028 v1=0.0031 v2=0.0017 visible=0.0023 cross=0.0006 patterns(t/s)=28/4 mask(v0/v1/v2)=0.75/0.75/0.75
[8000/50000] phase=A total=0.0030 ema=0.0030 recon=0.0028 align=0.0017 v0=0.0029 v1=0.0023 v2=0.0019 visible=0.0021 cross=0.0005 patterns(t/s)=30/2 mask(v0/v1/v2)=0.75/0.75/0.75
[8100/50000] phase=A total=0.0020 ema=0.0028 recon=0.0020 align=0.0000 v0=0.0017 v1=0.0023 v2=0.0019 visible=0.0020 cross=0.0000 patterns(t/s)=32/0 mask(v0/v1/v2)=0.75/0.75/0.75
[8200/50000] phase=A total=0.0028 ema=0.0028 recon=0.0028 align=0.0005 v0=0.0034 v1=0.0024 v2=0.0018 visible=0.0025 cross=0.0003 patterns(t/s)=30/2 mask(v0/v1/v2)=0.75/0.75/0.75
[8300/50000] phase=A total=0.0020 ema=0.0028 recon=0.0020 align=0.0000 v0=0.0023 v1=0.0023 v2=0.0015 visible=0.0020 cross=0.0000 patterns(t/s)=32/0 mask(v0/v1/v2)=0.75/0.75/0.75
[8400/50000] phase=A total=0.0023 ema=0.0029 recon=0.0022 align=0.0012 v0=0.0027 v1=0.0020 v2=0.0014 visible=0.0019 cross=0.0002 patterns(t/s)=31/1 mask(v0/v1/v2)=0.75/0.75/0.75
[8500/50000] phase=A total=0.0051 ema=0.0030 recon=0.0047 align=0.0037 v0=0.0057 v1=0.0032 v2=0.0024 visible=0.0033 cross=0.0011 patterns(t/s)=28/4 mask(v0/v1/v2)=0.75/0.75/0.75
[8600/50000] phase=A total=0.0029 ema=0.0029 recon=0.0028 align=0.0012 v0=0.0021 v1=0.0031 v2=0.0021 visible=0.0023 cross=0.0004 patterns(t/s)=29/3 mask(v0/v1/v2)=0.75/0.75/0.75
[8700/50000] phase=A total=0.0023 ema=0.0028 recon=0.0022 align=0.0014 v0=0.0024 v1=0.0018 v2=0.0013 visible=0.0017 cross=0.0004 patterns(t/s)=28/4 mask(v0/v1/v2)=0.75/0.75/0.75
[8800/50000] phase=A total=0.0020 ema=0.0028 recon=0.0020 align=0.0007 v0=0.0021 v1=0.0019 v2=0.0015 visible=0.0018 cross=0.0001 patterns(t/s)=31/1 mask(v0/v1/v2)=0.75/0.75/0.75
[8900/50000] phase=A total=0.0017 ema=0.0028 recon=0.0017 align=0.0000 v0=0.0017 v1=0.0021 v2=0.0014 visible=0.0017 cross=0.0000 patterns(t/s)=32/0 mask(v0/v1/v2)=0.75/0.75/0.75
[9000/50000] phase=A total=0.0032 ema=0.0027 recon=0.0027 align=0.0048 v0=0.0023 v1=0.0025 v2=0.0020 visible=0.0021 cross=0.0005 patterns(t/s)=29/3 mask(v0/v1/v2)=0.75/0.75/0.75
[9100/50000] phase=A total=0.0027 ema=0.0028 recon=0.0027 align=0.0002 v0=0.0016 v1=0.0029 v2=0.0026 visible=0.0023 cross=0.0003 patterns(t/s)=29/3 mask(v0/v1/v2)=0.75/0.75/0.75
[9200/50000] phase=A total=0.0024 ema=0.0026 recon=0.0022 align=0.0013 v0=0.0021 v1=0.0022 v2=0.0014 visible=0.0018 cross=0.0003 patterns(t/s)=29/3 mask(v0/v1/v2)=0.75/0.75/0.75
[9300/50000] phase=A total=0.0022 ema=0.0026 recon=0.0021 align=0.0007 v0=0.0019 v1=0.0023 v2=0.0016 visible=0.0020 cross=0.0002 patterns(t/s)=30/2 mask(v0/v1/v2)=0.75/0.75/0.75
[9400/50000] phase=A total=0.0027 ema=0.0026 recon=0.0027 align=0.0002 v0=0.0026 v1=0.0027 v2=0.0024 visible=0.0025 cross=0.0001 patterns(t/s)=30/2 mask(v0/v1/v2)=0.75/0.75/0.75
[9500/50000] phase=A total=0.0022 ema=0.0027 recon=0.0022 align=0.0000 v0=0.0016 v1=0.0031 v2=0.0016 visible=0.0021 cross=0.0001 patterns(t/s)=31/1 mask(v0/v1/v2)=0.75/0.75/0.75
[9600/50000] phase=A total=0.0023 ema=0.0026 recon=0.0023 align=0.0004 v0=0.0023 v1=0.0022 v2=0.0019 visible=0.0021 cross=0.0001 patterns(t/s)=31/1 mask(v0/v1/v2)=0.75/0.75/0.75
[9700/50000] phase=A total=0.0019 ema=0.0026 recon=0.0018 align=0.0007 v0=0.0019 v1=0.0016 v2=0.0012 visible=0.0015 cross=0.0003 patterns(t/s)=30/2 mask(v0/v1/v2)=0.75/0.75/0.75
[9800/50000] phase=A total=0.0033 ema=0.0027 recon=0.0028 align=0.0050 v0=0.0028 v1=0.0021 v2=0.0017 visible=0.0019 cross=0.0007 patterns(t/s)=28/4 mask(v0/v1/v2)=0.75/0.75/0.75
[9900/50000] phase=A total=0.0022 ema=0.0027 recon=0.0022 align=0.0000 v0=0.0024 v1=0.0026 v2=0.0017 visible=0.0022 cross=0.0000 patterns(t/s)=32/0 mask(v0/v1/v2)=0.75/0.75/0.75
[10000/50000] phase=A total=0.0028 ema=0.0026 recon=0.0028 align=0.0001 v0=0.0018 v1=0.0037 v2=0.0027 visible=0.0027 cross=0.0001 patterns(t/s)=31/1 mask(v0/v1/v2)=0.75/0.75/0.75
[10100/50000] phase=B total=0.0048 ema=0.0040 recon=0.0044 align=0.0039 v0=0.0038 v1=0.0029 v2=0.0019 visible=0.0024 cross=0.0016 patterns(t/s)=20/12 mask(v0/v1/v2)=0.75/0.75/0.75
[10200/50000] phase=B total=0.0033 ema=0.0046 recon=0.0030 align=0.0027 v0=0.0026 v1=0.0023 v2=0.0015 visible=0.0020 cross=0.0009 patterns(t/s)=23/9 mask(v0/v1/v2)=0.75/0.75/0.75
[10300/50000] phase=B total=0.0051 ema=0.0047 recon=0.0041 align=0.0098 v0=0.0039 v1=0.0024 v2=0.0018 visible=0.0022 cross=0.0016 patterns(t/s)=21/11 mask(v0/v1/v2)=0.75/0.75/0.75
[10400/50000] phase=B total=0.0040 ema=0.0046 recon=0.0037 align=0.0026 v0=0.0032 v1=0.0030 v2=0.0021 visible=0.0025 cross=0.0010 patterns(t/s)=25/7 mask(v0/v1/v2)=0.75/0.75/0.75
[10500/50000] phase=B total=0.0045 ema=0.0046 recon=0.0040 align=0.0052 v0=0.0037 v1=0.0021 v2=0.0014 visible=0.0019 cross=0.0017 patterns(t/s)=19/13 mask(v0/v1/v2)=0.75/0.75/0.75
[10600/50000] phase=B total=0.0049 ema=0.0044 recon=0.0045 align=0.0040 v0=0.0040 v1=0.0024 v2=0.0016 visible=0.0020 cross=0.0020 patterns(t/s)=18/14 mask(v0/v1/v2)=0.75/0.75/0.75
[10700/50000] phase=B total=0.0075 ema=0.0045 recon=0.0065 align=0.0102 v0=0.0072 v1=0.0028 v2=0.0025 visible=0.0034 cross=0.0025 patterns(t/s)=22/10 mask(v0/v1/v2)=0.75/0.75/0.75
[10800/50000] phase=B total=0.0051 ema=0.0044 recon=0.0041 align=0.0102 v0=0.0044 v1=0.0020 v2=0.0015 visible=0.0019 cross=0.0017 patterns(t/s)=23/9 mask(v0/v1/v2)=0.75/0.75/0.75
[10900/50000] phase=B total=0.0044 ema=0.0044 recon=0.0041 align=0.0030 v0=0.0044 v1=0.0022 v2=0.0016 visible=0.0026 cross=0.0014 patterns(t/s)=21/11 mask(v0/v1/v2)=0.75/0.75/0.75
[11000/50000] phase=B total=0.0055 ema=0.0042 recon=0.0051 align=0.0040 v0=0.0046 v1=0.0028 v2=0.0016 visible=0.0022 cross=0.0023 patterns(t/s)=18/14 mask(v0/v1/v2)=0.75/0.75/0.75
[11100/50000] phase=B total=0.0058 ema=0.0042 recon=0.0053 align=0.0044 v0=0.0050 v1=0.0030 v2=0.0019 visible=0.0025 cross=0.0022 patterns(t/s)=20/12 mask(v0/v1/v2)=0.75/0.75/0.75
[11200/50000] phase=B total=0.0039 ema=0.0042 recon=0.0035 align=0.0037 v0=0.0027 v1=0.0023 v2=0.0014 visible=0.0017 cross=0.0015 patterns(t/s)=17/15 mask(v0/v1/v2)=0.75/0.75/0.75
[11300/50000] phase=B total=0.0050 ema=0.0043 recon=0.0047 align=0.0026 v0=0.0044 v1=0.0035 v2=0.0023 visible=0.0030 cross=0.0014 patterns(t/s)=23/9 mask(v0/v1/v2)=0.75/0.75/0.75
[11400/50000] phase=B total=0.0051 ema=0.0043 recon=0.0048 align=0.0030 v0=0.0053 v1=0.0026 v2=0.0017 visible=0.0027 cross=0.0017 patterns(t/s)=20/12 mask(v0/v1/v2)=0.75/0.75/0.75
[11500/50000] phase=B total=0.0043 ema=0.0043 recon=0.0039 align=0.0038 v0=0.0045 v1=0.0023 v2=0.0015 visible=0.0023 cross=0.0013 patterns(t/s)=25/7 mask(v0/v1/v2)=0.75/0.75/0.75
[11600/50000] phase=B total=0.0052 ema=0.0042 recon=0.0049 align=0.0029 v0=0.0041 v1=0.0026 v2=0.0026 visible=0.0026 cross=0.0019 patterns(t/s)=18/14 mask(v0/v1/v2)=0.75/0.75/0.75
[11700/50000] phase=B total=0.0038 ema=0.0041 recon=0.0036 align=0.0014 v0=0.0037 v1=0.0023 v2=0.0015 visible=0.0023 cross=0.0012 patterns(t/s)=22/10 mask(v0/v1/v2)=0.75/0.75/0.75
[11800/50000] phase=B total=0.0032 ema=0.0041 recon=0.0029 align=0.0027 v0=0.0023 v1=0.0018 v2=0.0015 visible=0.0016 cross=0.0011 patterns(t/s)=20/12 mask(v0/v1/v2)=0.75/0.75/0.75
[11900/50000] phase=B total=0.0035 ema=0.0042 recon=0.0033 align=0.0026 v0=0.0028 v1=0.0024 v2=0.0017 visible=0.0020 cross=0.0010 patterns(t/s)=25/7 mask(v0/v1/v2)=0.75/0.75/0.75
[12000/50000] phase=B total=0.0021 ema=0.0041 recon=0.0021 align=0.0004 v0=0.0016 v1=0.0019 v2=0.0012 visible=0.0015 cross=0.0005 patterns(t/s)=24/8 mask(v0/v1/v2)=0.75/0.75/0.75
[12100/50000] phase=B total=0.0062 ema=0.0043 recon=0.0055 align=0.0062 v0=0.0051 v1=0.0021 v2=0.0027 visible=0.0022 cross=0.0025 patterns(t/s)=19/13 mask(v0/v1/v2)=0.75/0.75/0.75
[12200/50000] phase=B total=0.0031 ema=0.0043 recon=0.0030 align=0.0008 v0=0.0022 v1=0.0027 v2=0.0018 visible=0.0019 cross=0.0008 patterns(t/s)=26/6 mask(v0/v1/v2)=0.75/0.75/0.75
[12300/50000] phase=B total=0.0047 ema=0.0042 recon=0.0043 align=0.0040 v0=0.0035 v1=0.0027 v2=0.0019 visible=0.0024 cross=0.0017 patterns(t/s)=17/15 mask(v0/v1/v2)=0.75/0.75/0.75
[12400/50000] phase=B total=0.0044 ema=0.0040 recon=0.0039 align=0.0046 v0=0.0037 v1=0.0019 v2=0.0016 visible=0.0019 cross=0.0016 patterns(t/s)=18/14 mask(v0/v1/v2)=0.75/0.75/0.75
[12500/50000] phase=B total=0.0031 ema=0.0040 recon=0.0030 align=0.0011 v0=0.0026 v1=0.0019 v2=0.0012 visible=0.0015 cross=0.0012 patterns(t/s)=18/14 mask(v0/v1/v2)=0.75/0.75/0.75
[12600/50000] phase=B total=0.0033 ema=0.0038 recon=0.0032 align=0.0014 v0=0.0026 v1=0.0026 v2=0.0015 visible=0.0019 cross=0.0010 patterns(t/s)=23/9 mask(v0/v1/v2)=0.75/0.75/0.75
[12700/50000] phase=B total=0.0030 ema=0.0037 recon=0.0028 align=0.0022 v0=0.0022 v1=0.0023 v2=0.0015 visible=0.0016 cross=0.0009 patterns(t/s)=25/7 mask(v0/v1/v2)=0.75/0.75/0.75
[12800/50000] phase=B total=0.0043 ema=0.0038 recon=0.0041 align=0.0023 v0=0.0045 v1=0.0018 v2=0.0011 visible=0.0016 cross=0.0019 patterns(t/s)=21/11 mask(v0/v1/v2)=0.75/0.75/0.75
[12900/50000] phase=B total=0.0041 ema=0.0039 recon=0.0039 align=0.0026 v0=0.0041 v1=0.0018 v2=0.0012 visible=0.0017 cross=0.0017 patterns(t/s)=21/11 mask(v0/v1/v2)=0.75/0.75/0.75
[13000/50000] phase=B total=0.0026 ema=0.0039 recon=0.0024 align=0.0017 v0=0.0022 v1=0.0019 v2=0.0011 visible=0.0016 cross=0.0007 patterns(t/s)=24/8 mask(v0/v1/v2)=0.75/0.75/0.75
[13100/50000] phase=B total=0.0036 ema=0.0038 recon=0.0034 align=0.0022 v0=0.0028 v1=0.0023 v2=0.0016 visible=0.0018 cross=0.0013 patterns(t/s)=20/12 mask(v0/v1/v2)=0.75/0.75/0.75
[13200/50000] phase=B total=0.0039 ema=0.0038 recon=0.0038 align=0.0015 v0=0.0039 v1=0.0020 v2=0.0014 visible=0.0018 cross=0.0015 patterns(t/s)=22/10 mask(v0/v1/v2)=0.75/0.75/0.75
[13300/50000] phase=B total=0.0032 ema=0.0038 recon=0.0032 align=0.0008 v0=0.0032 v1=0.0020 v2=0.0016 visible=0.0020 cross=0.0010 patterns(t/s)=25/7 mask(v0/v1/v2)=0.75/0.75/0.75
[13400/50000] phase=B total=0.0033 ema=0.0038 recon=0.0032 align=0.0012 v0=0.0032 v1=0.0018 v2=0.0013 visible=0.0016 cross=0.0012 patterns(t/s)=24/8 mask(v0/v1/v2)=0.75/0.75/0.75
[13500/50000] phase=B total=0.0038 ema=0.0039 recon=0.0035 align=0.0031 v0=0.0034 v1=0.0020 v2=0.0014 visible=0.0016 cross=0.0014 patterns(t/s)=22/10 mask(v0/v1/v2)=0.75/0.75/0.75
[13600/50000] phase=B total=0.0030 ema=0.0037 recon=0.0028 align=0.0014 v0=0.0021 v1=0.0028 v2=0.0014 visible=0.0020 cross=0.0008 patterns(t/s)=25/7 mask(v0/v1/v2)=0.75/0.75/0.75
[13700/50000] phase=B total=0.0037 ema=0.0037 recon=0.0035 align=0.0020 v0=0.0027 v1=0.0022 v2=0.0014 visible=0.0015 cross=0.0015 patterns(t/s)=18/14 mask(v0/v1/v2)=0.75/0.75/0.75
[13800/50000] phase=B total=0.0039 ema=0.0036 recon=0.0037 align=0.0012 v0=0.0031 v1=0.0024 v2=0.0017 visible=0.0020 cross=0.0014 patterns(t/s)=21/11 mask(v0/v1/v2)=0.75/0.75/0.75
[13900/50000] phase=B total=0.0035 ema=0.0035 recon=0.0034 align=0.0007 v0=0.0034 v1=0.0030 v2=0.0014 visible=0.0024 cross=0.0009 patterns(t/s)=25/7 mask(v0/v1/v2)=0.75/0.75/0.75
[14000/50000] phase=B total=0.0035 ema=0.0036 recon=0.0034 align=0.0009 v0=0.0031 v1=0.0019 v2=0.0013 visible=0.0017 cross=0.0014 patterns(t/s)=18/14 mask(v0/v1/v2)=0.75/0.75/0.75
[14100/50000] phase=B total=0.0028 ema=0.0036 recon=0.0026 align=0.0013 v0=0.0022 v1=0.0020 v2=0.0015 visible=0.0017 cross=0.0008 patterns(t/s)=24/8 mask(v0/v1/v2)=0.75/0.75/0.75
[14200/50000] phase=B total=0.0034 ema=0.0036 recon=0.0033 align=0.0013 v0=0.0029 v1=0.0022 v2=0.0011 visible=0.0016 cross=0.0013 patterns(t/s)=22/10 mask(v0/v1/v2)=0.75/0.75/0.75
[14300/50000] phase=B total=0.0042 ema=0.0035 recon=0.0038 align=0.0038 v0=0.0041 v1=0.0019 v2=0.0011 visible=0.0016 cross=0.0016 patterns(t/s)=24/8 mask(v0/v1/v2)=0.75/0.75/0.75
[14400/50000] phase=B total=0.0021 ema=0.0035 recon=0.0020 align=0.0007 v0=0.0018 v1=0.0019 v2=0.0011 visible=0.0015 cross=0.0004 patterns(t/s)=28/4 mask(v0/v1/v2)=0.75/0.75/0.75
[14500/50000] phase=B total=0.0030 ema=0.0036 recon=0.0029 align=0.0011 v0=0.0027 v1=0.0019 v2=0.0016 visible=0.0019 cross=0.0008 patterns(t/s)=24/8 mask(v0/v1/v2)=0.75/0.75/0.75
[14600/50000] phase=B total=0.0022 ema=0.0035 recon=0.0022 align=0.0006 v0=0.0018 v1=0.0018 v2=0.0011 visible=0.0014 cross=0.0007 patterns(t/s)=23/9 mask(v0/v1/v2)=0.75/0.75/0.75
[14700/50000] phase=B total=0.0030 ema=0.0034 recon=0.0030 align=0.0004 v0=0.0024 v1=0.0027 v2=0.0016 visible=0.0020 cross=0.0008 patterns(t/s)=24/8 mask(v0/v1/v2)=0.75/0.75/0.75
[14800/50000] phase=B total=0.0016 ema=0.0035 recon=0.0015 align=0.0001 v0=0.0015 v1=0.0014 v2=0.0008 visible=0.0012 cross=0.0003 patterns(t/s)=27/5 mask(v0/v1/v2)=0.75/0.75/0.75
[14900/50000] phase=B total=0.0023 ema=0.0035 recon=0.0022 align=0.0003 v0=0.0018 v1=0.0016 v2=0.0011 visible=0.0014 cross=0.0007 patterns(t/s)=24/8 mask(v0/v1/v2)=0.75/0.75/0.75
[15000/50000] phase=B total=0.0059 ema=0.0035 recon=0.0056 align=0.0029 v0=0.0060 v1=0.0020 v2=0.0012 visible=0.0016 cross=0.0029 patterns(t/s)=19/13 mask(v0/v1/v2)=0.75/0.75/0.75
[15100/50000] phase=B total=0.0027 ema=0.0033 recon=0.0026 align=0.0010 v0=0.0021 v1=0.0020 v2=0.0011 visible=0.0015 cross=0.0009 patterns(t/s)=21/11 mask(v0/v1/v2)=0.75/0.75/0.75
[15200/50000] phase=B total=0.0039 ema=0.0033 recon=0.0037 align=0.0013 v0=0.0035 v1=0.0020 v2=0.0012 visible=0.0016 cross=0.0016 patterns(t/s)=20/12 mask(v0/v1/v2)=0.75/0.75/0.75
[15300/50000] phase=B total=0.0036 ema=0.0034 recon=0.0034 align=0.0015 v0=0.0034 v1=0.0016 v2=0.0009 visible=0.0013 cross=0.0016 patterns(t/s)=20/12 mask(v0/v1/v2)=0.75/0.75/0.75
[15400/50000] phase=B total=0.0037 ema=0.0034 recon=0.0034 align=0.0030 v0=0.0029 v1=0.0022 v2=0.0011 visible=0.0017 cross=0.0014 patterns(t/s)=19/13 mask(v0/v1/v2)=0.75/0.75/0.75
[15500/50000] phase=B total=0.0042 ema=0.0034 recon=0.0040 align=0.0018 v0=0.0033 v1=0.0025 v2=0.0015 visible=0.0018 cross=0.0017 patterns(t/s)=22/10 mask(v0/v1/v2)=0.75/0.75/0.75
[15600/50000] phase=B total=0.0022 ema=0.0033 recon=0.0021 align=0.0006 v0=0.0018 v1=0.0016 v2=0.0011 visible=0.0013 cross=0.0007 patterns(t/s)=22/10 mask(v0/v1/v2)=0.75/0.75/0.75
[15700/50000] phase=B total=0.0025 ema=0.0031 recon=0.0024 align=0.0008 v0=0.0024 v1=0.0015 v2=0.0008 visible=0.0012 cross=0.0009 patterns(t/s)=24/8 mask(v0/v1/v2)=0.75/0.75/0.75
[15800/50000] phase=B total=0.0037 ema=0.0032 recon=0.0036 align=0.0013 v0=0.0030 v1=0.0018 v2=0.0014 visible=0.0016 cross=0.0017 patterns(t/s)=15/17 mask(v0/v1/v2)=0.75/0.75/0.75
[15900/50000] phase=B total=0.0041 ema=0.0034 recon=0.0040 align=0.0012 v0=0.0039 v1=0.0019 v2=0.0016 visible=0.0019 cross=0.0017 patterns(t/s)=20/12 mask(v0/v1/v2)=0.75/0.75/0.75
[16000/50000] phase=B total=0.0036 ema=0.0033 recon=0.0035 align=0.0010 v0=0.0027 v1=0.0023 v2=0.0012 visible=0.0015 cross=0.0015 patterns(t/s)=20/12 mask(v0/v1/v2)=0.75/0.75/0.75
[16100/50000] phase=B total=0.0035 ema=0.0033 recon=0.0034 align=0.0014 v0=0.0029 v1=0.0018 v2=0.0017 visible=0.0017 cross=0.0013 patterns(t/s)=20/12 mask(v0/v1/v2)=0.75/0.75/0.75
[16200/50000] phase=B total=0.0035 ema=0.0031 recon=0.0033 align=0.0026 v0=0.0035 v1=0.0016 v2=0.0012 visible=0.0016 cross=0.0013 patterns(t/s)=23/9 mask(v0/v1/v2)=0.75/0.75/0.75
[16300/50000] phase=B total=0.0039 ema=0.0031 recon=0.0037 align=0.0021 v0=0.0034 v1=0.0023 v2=0.0012 visible=0.0018 cross=0.0015 patterns(t/s)=21/11 mask(v0/v1/v2)=0.75/0.75/0.75
[16400/50000] phase=B total=0.0019 ema=0.0031 recon=0.0018 align=0.0004 v0=0.0017 v1=0.0014 v2=0.0008 visible=0.0011 cross=0.0005 patterns(t/s)=25/7 mask(v0/v1/v2)=0.75/0.75/0.75
[16500/50000] phase=B total=0.0023 ema=0.0030 recon=0.0023 align=0.0004 v0=0.0021 v1=0.0014 v2=0.0010 visible=0.0011 cross=0.0009 patterns(t/s)=22/10 mask(v0/v1/v2)=0.75/0.75/0.75
[16600/50000] phase=B total=0.0028 ema=0.0030 recon=0.0027 align=0.0006 v0=0.0027 v1=0.0015 v2=0.0008 visible=0.0012 cross=0.0012 patterns(t/s)=21/11 mask(v0/v1/v2)=0.75/0.75/0.75
[16700/50000] phase=B total=0.0035 ema=0.0030 recon=0.0033 align=0.0011 v0=0.0032 v1=0.0017 v2=0.0011 visible=0.0015 cross=0.0014 patterns(t/s)=19/13 mask(v0/v1/v2)=0.75/0.75/0.75
[16800/50000] phase=B total=0.0045 ema=0.0029 recon=0.0044 align=0.0010 v0=0.0051 v1=0.0013 v2=0.0007 visible=0.0012 cross=0.0023 patterns(t/s)=19/13 mask(v0/v1/v2)=0.75/0.75/0.75
[16900/50000] phase=B total=0.0029 ema=0.0029 recon=0.0028 align=0.0008 v0=0.0026 v1=0.0015 v2=0.0010 visible=0.0013 cross=0.0012 patterns(t/s)=20/12 mask(v0/v1/v2)=0.75/0.75/0.75
[17000/50000] phase=B total=0.0044 ema=0.0031 recon=0.0042 align=0.0025 v0=0.0042 v1=0.0016 v2=0.0013 visible=0.0017 cross=0.0020 patterns(t/s)=17/15 mask(v0/v1/v2)=0.75/0.75/0.75
[17100/50000] phase=B total=0.0029 ema=0.0030 recon=0.0028 align=0.0005 v0=0.0016 v1=0.0026 v2=0.0013 visible=0.0015 cross=0.0011 patterns(t/s)=20/12 mask(v0/v1/v2)=0.75/0.75/0.75
[17200/50000] phase=B total=0.0029 ema=0.0029 recon=0.0027 align=0.0016 v0=0.0025 v1=0.0023 v2=0.0014 visible=0.0019 cross=0.0007 patterns(t/s)=26/6 mask(v0/v1/v2)=0.75/0.75/0.75
[17300/50000] phase=B total=0.0028 ema=0.0030 recon=0.0027 align=0.0010 v0=0.0021 v1=0.0016 v2=0.0008 visible=0.0010 cross=0.0013 patterns(t/s)=17/15 mask(v0/v1/v2)=0.75/0.75/0.75
[17400/50000] phase=B total=0.0025 ema=0.0029 recon=0.0024 align=0.0004 v0=0.0020 v1=0.0016 v2=0.0010 visible=0.0012 cross=0.0010 patterns(t/s)=21/11 mask(v0/v1/v2)=0.75/0.75/0.75
[17500/50000] phase=B total=0.0027 ema=0.0029 recon=0.0027 align=0.0004 v0=0.0027 v1=0.0015 v2=0.0007 visible=0.0011 cross=0.0012 patterns(t/s)=23/9 mask(v0/v1/v2)=0.75/0.75/0.75
[17600/50000] phase=B total=0.0027 ema=0.0028 recon=0.0025 align=0.0012 v0=0.0026 v1=0.0012 v2=0.0007 visible=0.0011 cross=0.0011 patterns(t/s)=18/14 mask(v0/v1/v2)=0.75/0.75/0.75
[17700/50000] phase=B total=0.0024 ema=0.0028 recon=0.0023 align=0.0006 v0=0.0020 v1=0.0016 v2=0.0009 visible=0.0012 cross=0.0009 patterns(t/s)=21/11 mask(v0/v1/v2)=0.75/0.75/0.75
[17800/50000] phase=B total=0.0054 ema=0.0029 recon=0.0051 align=0.0025 v0=0.0051 v1=0.0017 v2=0.0011 visible=0.0015 cross=0.0028 patterns(t/s)=15/17 mask(v0/v1/v2)=0.75/0.75/0.75
[17900/50000] phase=B total=0.0022 ema=0.0028 recon=0.0022 align=0.0002 v0=0.0016 v1=0.0017 v2=0.0009 visible=0.0011 cross=0.0008 patterns(t/s)=23/9 mask(v0/v1/v2)=0.75/0.75/0.75
[18000/50000] phase=B total=0.0026 ema=0.0030 recon=0.0025 align=0.0005 v0=0.0021 v1=0.0018 v2=0.0011 visible=0.0014 cross=0.0009 patterns(t/s)=23/9 mask(v0/v1/v2)=0.75/0.75/0.75
[18100/50000] phase=B total=0.0024 ema=0.0029 recon=0.0023 align=0.0005 v0=0.0023 v1=0.0018 v2=0.0008 visible=0.0013 cross=0.0008 patterns(t/s)=26/6 mask(v0/v1/v2)=0.75/0.75/0.75
[18200/50000] phase=B total=0.0040 ema=0.0028 recon=0.0038 align=0.0021 v0=0.0037 v1=0.0019 v2=0.0011 visible=0.0016 cross=0.0017 patterns(t/s)=19/13 mask(v0/v1/v2)=0.75/0.75/0.75
[18300/50000] phase=B total=0.0021 ema=0.0028 recon=0.0021 align=0.0006 v0=0.0019 v1=0.0012 v2=0.0007 visible=0.0009 cross=0.0009 patterns(t/s)=20/12 mask(v0/v1/v2)=0.75/0.75/0.75
[18400/50000] phase=B total=0.0039 ema=0.0029 recon=0.0038 align=0.0010 v0=0.0038 v1=0.0015 v2=0.0012 visible=0.0015 cross=0.0018 patterns(t/s)=19/13 mask(v0/v1/v2)=0.75/0.75/0.75
[18500/50000] phase=B total=0.0031 ema=0.0029 recon=0.0031 align=0.0006 v0=0.0024 v1=0.0022 v2=0.0011 visible=0.0014 cross=0.0013 patterns(t/s)=19/13 mask(v0/v1/v2)=0.75/0.75/0.75
[18600/50000] phase=B total=0.0024 ema=0.0029 recon=0.0023 align=0.0005 v0=0.0021 v1=0.0012 v2=0.0008 visible=0.0010 cross=0.0011 patterns(t/s)=19/13 mask(v0/v1/v2)=0.75/0.75/0.75
[18700/50000] phase=B total=0.0021 ema=0.0028 recon=0.0020 align=0.0003 v0=0.0018 v1=0.0017 v2=0.0010 visible=0.0013 cross=0.0006 patterns(t/s)=26/6 mask(v0/v1/v2)=0.75/0.75/0.75
[18800/50000] phase=B total=0.0021 ema=0.0027 recon=0.0020 align=0.0003 v0=0.0020 v1=0.0013 v2=0.0010 visible=0.0011 cross=0.0007 patterns(t/s)=27/5 mask(v0/v1/v2)=0.75/0.75/0.75
[18900/50000] phase=B total=0.0042 ema=0.0028 recon=0.0041 align=0.0006 v0=0.0054 v1=0.0017 v2=0.0018 visible=0.0030 cross=0.0012 patterns(t/s)=19/13 mask(v0/v1/v2)=0.75/0.75/0.75
[19000/50000] phase=B total=0.0029 ema=0.0027 recon=0.0028 align=0.0010 v0=0.0025 v1=0.0014 v2=0.0008 visible=0.0010 cross=0.0014 patterns(t/s)=18/14 mask(v0/v1/v2)=0.75/0.75/0.75
[19100/50000] phase=B total=0.0033 ema=0.0026 recon=0.0032 align=0.0011 v0=0.0036 v1=0.0013 v2=0.0008 visible=0.0012 cross=0.0014 patterns(t/s)=23/9 mask(v0/v1/v2)=0.75/0.75/0.75
[19200/50000] phase=B total=0.0025 ema=0.0026 recon=0.0024 align=0.0005 v0=0.0020 v1=0.0015 v2=0.0007 visible=0.0010 cross=0.0011 patterns(t/s)=18/14 mask(v0/v1/v2)=0.75/0.75/0.75
[19300/50000] phase=B total=0.0052 ema=0.0027 recon=0.0051 align=0.0007 v0=0.0053 v1=0.0020 v2=0.0009 visible=0.0016 cross=0.0027 patterns(t/s)=17/15 mask(v0/v1/v2)=0.75/0.75/0.75
[19400/50000] phase=B total=0.0030 ema=0.0027 recon=0.0029 align=0.0008 v0=0.0027 v1=0.0013 v2=0.0010 visible=0.0013 cross=0.0014 patterns(t/s)=17/15 mask(v0/v1/v2)=0.75/0.75/0.75
[19500/50000] phase=B total=0.0031 ema=0.0027 recon=0.0030 align=0.0009 v0=0.0023 v1=0.0018 v2=0.0009 visible=0.0010 cross=0.0015 patterns(t/s)=15/17 mask(v0/v1/v2)=0.75/0.75/0.75
[19600/50000] phase=B total=0.0027 ema=0.0027 recon=0.0026 align=0.0004 v0=0.0027 v1=0.0012 v2=0.0007 visible=0.0010 cross=0.0012 patterns(t/s)=19/13 mask(v0/v1/v2)=0.75/0.75/0.75
[19700/50000] phase=B total=0.0027 ema=0.0026 recon=0.0027 align=0.0005 v0=0.0027 v1=0.0013 v2=0.0006 visible=0.0010 cross=0.0013 patterns(t/s)=22/10 mask(v0/v1/v2)=0.75/0.75/0.75
[19800/50000] phase=B total=0.0037 ema=0.0026 recon=0.0036 align=0.0014 v0=0.0042 v1=0.0012 v2=0.0008 visible=0.0012 cross=0.0017 patterns(t/s)=20/12 mask(v0/v1/v2)=0.75/0.75/0.75
[19900/50000] phase=B total=0.0024 ema=0.0027 recon=0.0024 align=0.0004 v0=0.0027 v1=0.0013 v2=0.0006 visible=0.0011 cross=0.0010 patterns(t/s)=23/9 mask(v0/v1/v2)=0.75/0.75/0.75
[20000/50000] phase=B total=0.0037 ema=0.0027 recon=0.0036 align=0.0004 v0=0.0035 v1=0.0016 v2=0.0008 visible=0.0010 cross=0.0019 patterns(t/s)=20/12 mask(v0/v1/v2)=0.75/0.75/0.75
[20100/50000] phase=B total=0.0029 ema=0.0027 recon=0.0029 align=0.0005 v0=0.0032 v1=0.0014 v2=0.0007 visible=0.0012 cross=0.0012 patterns(t/s)=24/8 mask(v0/v1/v2)=0.75/0.75/0.75
[20200/50000] phase=B total=0.0030 ema=0.0026 recon=0.0029 align=0.0008 v0=0.0031 v1=0.0014 v2=0.0008 visible=0.0012 cross=0.0013 patterns(t/s)=22/10 mask(v0/v1/v2)=0.75/0.75/0.75
[20300/50000] phase=B total=0.0022 ema=0.0026 recon=0.0022 align=0.0003 v0=0.0022 v1=0.0012 v2=0.0007 visible=0.0010 cross=0.0009 patterns(t/s)=21/11 mask(v0/v1/v2)=0.75/0.75/0.75
[20400/50000] phase=B total=0.0029 ema=0.0027 recon=0.0028 align=0.0008 v0=0.0028 v1=0.0022 v2=0.0012 visible=0.0017 cross=0.0009 patterns(t/s)=25/7 mask(v0/v1/v2)=0.75/0.75/0.75
[20500/50000] phase=B total=0.0023 ema=0.0026 recon=0.0023 align=0.0004 v0=0.0020 v1=0.0012 v2=0.0010 visible=0.0010 cross=0.0010 patterns(t/s)=21/11 mask(v0/v1/v2)=0.75/0.75/0.75
[20600/50000] phase=B total=0.0020 ema=0.0026 recon=0.0020 align=0.0003 v0=0.0020 v1=0.0012 v2=0.0006 visible=0.0010 cross=0.0007 patterns(t/s)=25/7 mask(v0/v1/v2)=0.75/0.75/0.75
[20700/50000] phase=B total=0.0016 ema=0.0025 recon=0.0016 align=0.0002 v0=0.0017 v1=0.0012 v2=0.0005 visible=0.0010 cross=0.0005 patterns(t/s)=25/7 mask(v0/v1/v2)=0.75/0.75/0.75
[20800/50000] phase=B total=0.0018 ema=0.0025 recon=0.0018 align=0.0002 v0=0.0019 v1=0.0011 v2=0.0006 visible=0.0008 cross=0.0007 patterns(t/s)=23/9 mask(v0/v1/v2)=0.75/0.75/0.75
[20900/50000] phase=B total=0.0027 ema=0.0027 recon=0.0027 align=0.0003 v0=0.0025 v1=0.0016 v2=0.0010 visible=0.0014 cross=0.0011 patterns(t/s)=21/11 mask(v0/v1/v2)=0.75/0.75/0.75
[21000/50000] phase=B total=0.0027 ema=0.0027 recon=0.0027 align=0.0003 v0=0.0035 v1=0.0014 v2=0.0008 visible=0.0016 cross=0.0009 patterns(t/s)=25/7 mask(v0/v1/v2)=0.75/0.75/0.75
[21100/50000] phase=B total=0.0022 ema=0.0026 recon=0.0022 align=0.0003 v0=0.0021 v1=0.0011 v2=0.0007 visible=0.0009 cross=0.0010 patterns(t/s)=19/13 mask(v0/v1/v2)=0.75/0.75/0.75
[21200/50000] phase=B total=0.0035 ema=0.0025 recon=0.0034 align=0.0012 v0=0.0031 v1=0.0017 v2=0.0011 visible=0.0014 cross=0.0016 patterns(t/s)=19/13 mask(v0/v1/v2)=0.75/0.75/0.75
[21300/50000] phase=B total=0.0031 ema=0.0026 recon=0.0031 align=0.0005 v0=0.0030 v1=0.0016 v2=0.0011 visible=0.0014 cross=0.0013 patterns(t/s)=20/12 mask(v0/v1/v2)=0.75/0.75/0.75
[21400/50000] phase=B total=0.0023 ema=0.0025 recon=0.0023 align=0.0004 v0=0.0021 v1=0.0012 v2=0.0009 visible=0.0010 cross=0.0010 patterns(t/s)=21/11 mask(v0/v1/v2)=0.75/0.75/0.75
[21500/50000] phase=B total=0.0020 ema=0.0025 recon=0.0019 align=0.0004 v0=0.0017 v1=0.0011 v2=0.0009 visible=0.0009 cross=0.0008 patterns(t/s)=24/8 mask(v0/v1/v2)=0.75/0.75/0.75
[21600/50000] phase=B total=0.0036 ema=0.0024 recon=0.0035 align=0.0006 v0=0.0038 v1=0.0013 v2=0.0007 visible=0.0011 cross=0.0018 patterns(t/s)=19/13 mask(v0/v1/v2)=0.75/0.75/0.75
[21700/50000] phase=B total=0.0033 ema=0.0025 recon=0.0032 align=0.0008 v0=0.0032 v1=0.0016 v2=0.0010 visible=0.0012 cross=0.0015 patterns(t/s)=23/9 mask(v0/v1/v2)=0.75/0.75/0.75
[21800/50000] phase=B total=0.0041 ema=0.0026 recon=0.0040 align=0.0005 v0=0.0034 v1=0.0025 v2=0.0011 visible=0.0016 cross=0.0019 patterns(t/s)=19/13 mask(v0/v1/v2)=0.75/0.75/0.75
[21900/50000] phase=B total=0.0016 ema=0.0025 recon=0.0016 align=0.0002 v0=0.0015 v1=0.0008 v2=0.0006 visible=0.0006 cross=0.0007 patterns(t/s)=23/9 mask(v0/v1/v2)=0.75/0.75/0.75
[22000/50000] phase=B total=0.0046 ema=0.0025 recon=0.0046 align=0.0009 v0=0.0042 v1=0.0021 v2=0.0013 visible=0.0017 cross=0.0022 patterns(t/s)=18/14 mask(v0/v1/v2)=0.75/0.75/0.75
[22100/50000] phase=B total=0.0021 ema=0.0024 recon=0.0020 align=0.0004 v0=0.0023 v1=0.0009 v2=0.0006 visible=0.0009 cross=0.0009 patterns(t/s)=21/11 mask(v0/v1/v2)=0.75/0.75/0.75
[22200/50000] phase=B total=0.0027 ema=0.0025 recon=0.0027 align=0.0004 v0=0.0025 v1=0.0015 v2=0.0007 visible=0.0012 cross=0.0012 patterns(t/s)=20/12 mask(v0/v1/v2)=0.75/0.75/0.75
[22300/50000] phase=B total=0.0027 ema=0.0024 recon=0.0027 align=0.0005 v0=0.0024 v1=0.0013 v2=0.0009 visible=0.0012 cross=0.0013 patterns(t/s)=15/17 mask(v0/v1/v2)=0.75/0.75/0.75
[22400/50000] phase=B total=0.0022 ema=0.0024 recon=0.0021 align=0.0003 v0=0.0022 v1=0.0011 v2=0.0008 visible=0.0011 cross=0.0008 patterns(t/s)=23/9 mask(v0/v1/v2)=0.75/0.75/0.75
[22500/50000] phase=B total=0.0023 ema=0.0024 recon=0.0023 align=0.0003 v0=0.0022 v1=0.0010 v2=0.0008 visible=0.0009 cross=0.0011 patterns(t/s)=20/12 mask(v0/v1/v2)=0.75/0.75/0.75
[22600/50000] phase=B total=0.0012 ema=0.0024 recon=0.0012 align=0.0001 v0=0.0014 v1=0.0008 v2=0.0004 visible=0.0007 cross=0.0004 patterns(t/s)=28/4 mask(v0/v1/v2)=0.75/0.75/0.75
[22700/50000] phase=B total=0.0019 ema=0.0024 recon=0.0019 align=0.0002 v0=0.0020 v1=0.0013 v2=0.0008 visible=0.0011 cross=0.0006 patterns(t/s)=25/7 mask(v0/v1/v2)=0.75/0.75/0.75
[22800/50000] phase=B total=0.0032 ema=0.0023 recon=0.0031 align=0.0006 v0=0.0033 v1=0.0013 v2=0.0008 visible=0.0011 cross=0.0015 patterns(t/s)=25/7 mask(v0/v1/v2)=0.75/0.75/0.75
[22900/50000] phase=B total=0.0023 ema=0.0024 recon=0.0023 align=0.0003 v0=0.0023 v1=0.0012 v2=0.0006 visible=0.0009 cross=0.0011 patterns(t/s)=22/10 mask(v0/v1/v2)=0.75/0.75/0.75
[23000/50000] phase=B total=0.0030 ema=0.0024 recon=0.0030 align=0.0003 v0=0.0028 v1=0.0015 v2=0.0010 visible=0.0013 cross=0.0013 patterns(t/s)=17/15 mask(v0/v1/v2)=0.75/0.75/0.75
[23100/50000] phase=B total=0.0020 ema=0.0023 recon=0.0020 align=0.0003 v0=0.0019 v1=0.0012 v2=0.0007 visible=0.0009 cross=0.0009 patterns(t/s)=22/10 mask(v0/v1/v2)=0.75/0.75/0.75
[23200/50000] phase=B total=0.0018 ema=0.0024 recon=0.0018 align=0.0002 v0=0.0018 v1=0.0009 v2=0.0006 visible=0.0007 cross=0.0008 patterns(t/s)=22/10 mask(v0/v1/v2)=0.75/0.75/0.75
[23300/50000] phase=B total=0.0027 ema=0.0025 recon=0.0026 align=0.0005 v0=0.0024 v1=0.0019 v2=0.0010 visible=0.0014 cross=0.0010 patterns(t/s)=23/9 mask(v0/v1/v2)=0.75/0.75/0.75
[23400/50000] phase=B total=0.0037 ema=0.0024 recon=0.0036 align=0.0006 v0=0.0036 v1=0.0012 v2=0.0009 visible=0.0011 cross=0.0019 patterns(t/s)=16/16 mask(v0/v1/v2)=0.75/0.75/0.75
[23500/50000] phase=B total=0.0036 ema=0.0023 recon=0.0036 align=0.0003 v0=0.0041 v1=0.0014 v2=0.0006 visible=0.0011 cross=0.0017 patterns(t/s)=22/10 mask(v0/v1/v2)=0.75/0.75/0.75
[23600/50000] phase=B total=0.0032 ema=0.0023 recon=0.0031 align=0.0006 v0=0.0033 v1=0.0014 v2=0.0009 visible=0.0012 cross=0.0014 patterns(t/s)=21/11 mask(v0/v1/v2)=0.75/0.75/0.75
[23700/50000] phase=B total=0.0015 ema=0.0023 recon=0.0014 align=0.0002 v0=0.0014 v1=0.0008 v2=0.0005 visible=0.0006 cross=0.0006 patterns(t/s)=21/11 mask(v0/v1/v2)=0.75/0.75/0.75
[23800/50000] phase=B total=0.0033 ema=0.0023 recon=0.0032 align=0.0007 v0=0.0026 v1=0.0017 v2=0.0018 visible=0.0016 cross=0.0013 patterns(t/s)=21/11 mask(v0/v1/v2)=0.75/0.75/0.75
[23900/50000] phase=B total=0.0023 ema=0.0023 recon=0.0022 align=0.0003 v0=0.0024 v1=0.0010 v2=0.0006 visible=0.0009 cross=0.0010 patterns(t/s)=21/11 mask(v0/v1/v2)=0.75/0.75/0.75
[24000/50000] phase=B total=0.0051 ema=0.0024 recon=0.0050 align=0.0014 v0=0.0051 v1=0.0014 v2=0.0018 visible=0.0017 cross=0.0025 patterns(t/s)=20/12 mask(v0/v1/v2)=0.75/0.75/0.75
[24100/50000] phase=B total=0.0020 ema=0.0024 recon=0.0020 align=0.0003 v0=0.0021 v1=0.0010 v2=0.0008 visible=0.0010 cross=0.0007 patterns(t/s)=22/10 mask(v0/v1/v2)=0.75/0.75/0.75
[24200/50000] phase=B total=0.0020 ema=0.0024 recon=0.0020 align=0.0002 v0=0.0018 v1=0.0013 v2=0.0006 visible=0.0008 cross=0.0008 patterns(t/s)=23/9 mask(v0/v1/v2)=0.75/0.75/0.75
[24300/50000] phase=B total=0.0010 ema=0.0023 recon=0.0009 align=0.0001 v0=0.0010 v1=0.0008 v2=0.0005 visible=0.0007 cross=0.0002 patterns(t/s)=26/6 mask(v0/v1/v2)=0.75/0.75/0.75
[24400/50000] phase=B total=0.0022 ema=0.0022 recon=0.0022 align=0.0002 v0=0.0022 v1=0.0013 v2=0.0007 visible=0.0009 cross=0.0009 patterns(t/s)=24/8 mask(v0/v1/v2)=0.75/0.75/0.75
[24500/50000] phase=B total=0.0028 ema=0.0024 recon=0.0028 align=0.0004 v0=0.0029 v1=0.0010 v2=0.0007 visible=0.0008 cross=0.0014 patterns(t/s)=20/12 mask(v0/v1/v2)=0.75/0.75/0.75
[24600/50000] phase=B total=0.0031 ema=0.0023 recon=0.0031 align=0.0003 v0=0.0026 v1=0.0016 v2=0.0009 visible=0.0010 cross=0.0016 patterns(t/s)=19/13 mask(v0/v1/v2)=0.75/0.75/0.75
[24700/50000] phase=B total=0.0015 ema=0.0023 recon=0.0015 align=0.0001 v0=0.0014 v1=0.0011 v2=0.0008 visible=0.0009 cross=0.0005 patterns(t/s)=24/8 mask(v0/v1/v2)=0.75/0.75/0.75
[24800/50000] phase=B total=0.0039 ema=0.0022 recon=0.0039 align=0.0003 v0=0.0041 v1=0.0014 v2=0.0011 visible=0.0016 cross=0.0019 patterns(t/s)=20/12 mask(v0/v1/v2)=0.75/0.75/0.75
[24900/50000] phase=B total=0.0029 ema=0.0022 recon=0.0029 align=0.0004 v0=0.0030 v1=0.0012 v2=0.0010 visible=0.0012 cross=0.0013 patterns(t/s)=23/9 mask(v0/v1/v2)=0.75/0.75/0.75
[25000/50000] phase=B total=0.0021 ema=0.0022 recon=0.0021 align=0.0003 v0=0.0018 v1=0.0010 v2=0.0006 visible=0.0007 cross=0.0010 patterns(t/s)=19/13 mask(v0/v1/v2)=0.75/0.75/0.75
[25100/50000] phase=B total=0.0030 ema=0.0024 recon=0.0029 align=0.0003 v0=0.0029 v1=0.0013 v2=0.0009 visible=0.0010 cross=0.0014 patterns(t/s)=21/11 mask(v0/v1/v2)=0.75/0.75/0.75
[25200/50000] phase=B total=0.0014 ema=0.0022 recon=0.0014 align=0.0001 v0=0.0014 v1=0.0007 v2=0.0005 visible=0.0007 cross=0.0005 patterns(t/s)=24/8 mask(v0/v1/v2)=0.75/0.75/0.75
[25300/50000] phase=B total=0.0028 ema=0.0023 recon=0.0028 align=0.0004 v0=0.0031 v1=0.0012 v2=0.0006 visible=0.0011 cross=0.0013 patterns(t/s)=21/11 mask(v0/v1/v2)=0.75/0.75/0.75
[25400/50000] phase=B total=0.0028 ema=0.0022 recon=0.0027 align=0.0005 v0=0.0020 v1=0.0017 v2=0.0014 visible=0.0013 cross=0.0011 patterns(t/s)=22/10 mask(v0/v1/v2)=0.75/0.75/0.75
[25500/50000] phase=B total=0.0027 ema=0.0022 recon=0.0026 align=0.0003 v0=0.0029 v1=0.0008 v2=0.0006 visible=0.0008 cross=0.0013 patterns(t/s)=19/13 mask(v0/v1/v2)=0.75/0.75/0.75
[25600/50000] phase=B total=0.0016 ema=0.0022 recon=0.0015 align=0.0001 v0=0.0016 v1=0.0009 v2=0.0004 visible=0.0008 cross=0.0006 patterns(t/s)=23/9 mask(v0/v1/v2)=0.75/0.75/0.75
[25700/50000] phase=B total=0.0043 ema=0.0022 recon=0.0043 align=0.0004 v0=0.0046 v1=0.0016 v2=0.0009 visible=0.0013 cross=0.0022 patterns(t/s)=21/11 mask(v0/v1/v2)=0.75/0.75/0.75
[25800/50000] phase=B total=0.0016 ema=0.0022 recon=0.0016 align=0.0002 v0=0.0017 v1=0.0009 v2=0.0005 visible=0.0009 cross=0.0006 patterns(t/s)=21/11 mask(v0/v1/v2)=0.75/0.75/0.75
[25900/50000] phase=B total=0.0014 ema=0.0022 recon=0.0014 align=0.0001 v0=0.0013 v1=0.0011 v2=0.0006 visible=0.0008 cross=0.0004 patterns(t/s)=25/7 mask(v0/v1/v2)=0.75/0.75/0.75
[26000/50000] phase=B total=0.0019 ema=0.0022 recon=0.0019 align=0.0002 v0=0.0017 v1=0.0010 v2=0.0010 visible=0.0009 cross=0.0007 patterns(t/s)=25/7 mask(v0/v1/v2)=0.75/0.75/0.75
[26100/50000] phase=B total=0.0026 ema=0.0022 recon=0.0026 align=0.0003 v0=0.0028 v1=0.0012 v2=0.0007 visible=0.0009 cross=0.0012 patterns(t/s)=22/10 mask(v0/v1/v2)=0.75/0.75/0.75
[26200/50000] phase=B total=0.0014 ema=0.0022 recon=0.0014 align=0.0001 v0=0.0015 v1=0.0007 v2=0.0005 visible=0.0006 cross=0.0006 patterns(t/s)=24/8 mask(v0/v1/v2)=0.75/0.75/0.75
[26300/50000] phase=B total=0.0014 ema=0.0023 recon=0.0014 align=0.0001 v0=0.0012 v1=0.0010 v2=0.0006 visible=0.0007 cross=0.0006 patterns(t/s)=26/6 mask(v0/v1/v2)=0.75/0.75/0.75
[26400/50000] phase=B total=0.0016 ema=0.0021 recon=0.0016 align=0.0002 v0=0.0014 v1=0.0010 v2=0.0006 visible=0.0007 cross=0.0006 patterns(t/s)=21/11 mask(v0/v1/v2)=0.75/0.75/0.75
[26500/50000] phase=B total=0.0019 ema=0.0022 recon=0.0018 align=0.0001 v0=0.0019 v1=0.0013 v2=0.0006 visible=0.0009 cross=0.0007 patterns(t/s)=21/11 mask(v0/v1/v2)=0.75/0.75/0.75
[26600/50000] phase=B total=0.0021 ema=0.0022 recon=0.0021 align=0.0002 v0=0.0020 v1=0.0012 v2=0.0006 visible=0.0010 cross=0.0009 patterns(t/s)=21/11 mask(v0/v1/v2)=0.75/0.75/0.75
[26700/50000] phase=B total=0.0017 ema=0.0023 recon=0.0017 align=0.0002 v0=0.0016 v1=0.0009 v2=0.0006 visible=0.0007 cross=0.0007 patterns(t/s)=20/12 mask(v0/v1/v2)=0.75/0.75/0.75
[26800/50000] phase=B total=0.0023 ema=0.0023 recon=0.0022 align=0.0002 v0=0.0019 v1=0.0013 v2=0.0006 visible=0.0008 cross=0.0011 patterns(t/s)=20/12 mask(v0/v1/v2)=0.75/0.75/0.75
[26900/50000] phase=B total=0.0033 ema=0.0022 recon=0.0032 align=0.0010 v0=0.0036 v1=0.0010 v2=0.0006 visible=0.0008 cross=0.0017 patterns(t/s)=21/11 mask(v0/v1/v2)=0.75/0.75/0.75
[27000/50000] phase=B total=0.0015 ema=0.0023 recon=0.0015 align=0.0001 v0=0.0015 v1=0.0009 v2=0.0006 visible=0.0008 cross=0.0005 patterns(t/s)=25/7 mask(v0/v1/v2)=0.75/0.75/0.75
[27100/50000] phase=B total=0.0027 ema=0.0022 recon=0.0026 align=0.0003 v0=0.0021 v1=0.0015 v2=0.0009 visible=0.0009 cross=0.0013 patterns(t/s)=20/12 mask(v0/v1/v2)=0.75/0.75/0.75
[27200/50000] phase=B total=0.0018 ema=0.0022 recon=0.0018 align=0.0002 v0=0.0014 v1=0.0010 v2=0.0006 visible=0.0007 cross=0.0008 patterns(t/s)=18/14 mask(v0/v1/v2)=0.75/0.75/0.75
[27300/50000] phase=B total=0.0018 ema=0.0022 recon=0.0018 align=0.0002 v0=0.0017 v1=0.0010 v2=0.0007 visible=0.0009 cross=0.0008 patterns(t/s)=24/8 mask(v0/v1/v2)=0.75/0.75/0.75
[27400/50000] phase=B total=0.0027 ema=0.0021 recon=0.0026 align=0.0004 v0=0.0022 v1=0.0013 v2=0.0009 visible=0.0009 cross=0.0013 patterns(t/s)=17/15 mask(v0/v1/v2)=0.75/0.75/0.75
[27500/50000] phase=B total=0.0030 ema=0.0022 recon=0.0029 align=0.0002 v0=0.0034 v1=0.0009 v2=0.0007 visible=0.0009 cross=0.0015 patterns(t/s)=24/8 mask(v0/v1/v2)=0.75/0.75/0.75
[27600/50000] phase=B total=0.0013 ema=0.0022 recon=0.0013 align=0.0001 v0=0.0010 v1=0.0011 v2=0.0006 visible=0.0007 cross=0.0005 patterns(t/s)=24/8 mask(v0/v1/v2)=0.75/0.75/0.75
[27700/50000] phase=B total=0.0035 ema=0.0022 recon=0.0035 align=0.0004 v0=0.0041 v1=0.0011 v2=0.0006 visible=0.0009 cross=0.0018 patterns(t/s)=20/12 mask(v0/v1/v2)=0.75/0.75/0.75
[27800/50000] phase=B total=0.0017 ema=0.0021 recon=0.0017 align=0.0002 v0=0.0015 v1=0.0009 v2=0.0006 visible=0.0007 cross=0.0008 patterns(t/s)=21/11 mask(v0/v1/v2)=0.75/0.75/0.75
[27900/50000] phase=B total=0.0025 ema=0.0022 recon=0.0024 align=0.0003 v0=0.0024 v1=0.0012 v2=0.0009 visible=0.0011 cross=0.0010 patterns(t/s)=23/9 mask(v0/v1/v2)=0.75/0.75/0.75
[28000/50000] phase=B total=0.0020 ema=0.0020 recon=0.0019 align=0.0003 v0=0.0022 v1=0.0009 v2=0.0005 visible=0.0008 cross=0.0009 patterns(t/s)=23/9 mask(v0/v1/v2)=0.75/0.75/0.75
[28100/50000] phase=B total=0.0025 ema=0.0020 recon=0.0024 align=0.0002 v0=0.0016 v1=0.0017 v2=0.0009 visible=0.0009 cross=0.0012 patterns(t/s)=22/10 mask(v0/v1/v2)=0.75/0.75/0.75
[28200/50000] phase=B total=0.0016 ema=0.0021 recon=0.0015 align=0.0001 v0=0.0015 v1=0.0009 v2=0.0005 visible=0.0007 cross=0.0006 patterns(t/s)=23/9 mask(v0/v1/v2)=0.75/0.75/0.75
[28300/50000] phase=B total=0.0018 ema=0.0021 recon=0.0017 align=0.0002 v0=0.0018 v1=0.0009 v2=0.0004 visible=0.0006 cross=0.0008 patterns(t/s)=21/11 mask(v0/v1/v2)=0.75/0.75/0.75
[28400/50000] phase=B total=0.0019 ema=0.0021 recon=0.0019 align=0.0002 v0=0.0014 v1=0.0013 v2=0.0006 visible=0.0007 cross=0.0009 patterns(t/s)=21/11 mask(v0/v1/v2)=0.75/0.75/0.75
[28500/50000] phase=B total=0.0015 ema=0.0021 recon=0.0015 align=0.0002 v0=0.0014 v1=0.0009 v2=0.0006 visible=0.0007 cross=0.0006 patterns(t/s)=22/10 mask(v0/v1/v2)=0.75/0.75/0.75
[28600/50000] phase=B total=0.0030 ema=0.0022 recon=0.0030 align=0.0002 v0=0.0030 v1=0.0011 v2=0.0007 visible=0.0008 cross=0.0016 patterns(t/s)=18/14 mask(v0/v1/v2)=0.75/0.75/0.75
[28700/50000] phase=B total=0.0012 ema=0.0020 recon=0.0011 align=0.0001 v0=0.0011 v1=0.0008 v2=0.0004 visible=0.0007 cross=0.0004 patterns(t/s)=21/11 mask(v0/v1/v2)=0.75/0.75/0.75
[28800/50000] phase=B total=0.0025 ema=0.0021 recon=0.0025 align=0.0003 v0=0.0023 v1=0.0013 v2=0.0006 visible=0.0009 cross=0.0012 patterns(t/s)=19/13 mask(v0/v1/v2)=0.75/0.75/0.75
[28900/50000] phase=B total=0.0032 ema=0.0021 recon=0.0032 align=0.0004 v0=0.0031 v1=0.0014 v2=0.0007 visible=0.0010 cross=0.0016 patterns(t/s)=19/13 mask(v0/v1/v2)=0.75/0.75/0.75
[29000/50000] phase=B total=0.0016 ema=0.0021 recon=0.0016 align=0.0001 v0=0.0018 v1=0.0008 v2=0.0005 visible=0.0007 cross=0.0007 patterns(t/s)=22/10 mask(v0/v1/v2)=0.75/0.75/0.75
[29100/50000] phase=B total=0.0028 ema=0.0021 recon=0.0028 align=0.0003 v0=0.0029 v1=0.0011 v2=0.0008 visible=0.0010 cross=0.0013 patterns(t/s)=20/12 mask(v0/v1/v2)=0.75/0.75/0.75
[29200/50000] phase=B total=0.0023 ema=0.0022 recon=0.0023 align=0.0003 v0=0.0021 v1=0.0013 v2=0.0006 visible=0.0009 cross=0.0011 patterns(t/s)=21/11 mask(v0/v1/v2)=0.75/0.75/0.75
[29300/50000] phase=B total=0.0022 ema=0.0021 recon=0.0022 align=0.0001 v0=0.0025 v1=0.0010 v2=0.0005 visible=0.0009 cross=0.0009 patterns(t/s)=24/8 mask(v0/v1/v2)=0.75/0.75/0.75
[29400/50000] phase=B total=0.0013 ema=0.0019 recon=0.0013 align=0.0001 v0=0.0013 v1=0.0009 v2=0.0005 visible=0.0008 cross=0.0004 patterns(t/s)=25/7 mask(v0/v1/v2)=0.75/0.75/0.75
[29500/50000] phase=B total=0.0020 ema=0.0020 recon=0.0020 align=0.0002 v0=0.0018 v1=0.0010 v2=0.0005 visible=0.0007 cross=0.0009 patterns(t/s)=18/14 mask(v0/v1/v2)=0.75/0.75/0.75
[29600/50000] phase=B total=0.0024 ema=0.0021 recon=0.0023 align=0.0003 v0=0.0022 v1=0.0013 v2=0.0006 visible=0.0009 cross=0.0011 patterns(t/s)=19/13 mask(v0/v1/v2)=0.75/0.75/0.75
[29700/50000] phase=B total=0.0024 ema=0.0021 recon=0.0024 align=0.0002 v0=0.0021 v1=0.0011 v2=0.0008 visible=0.0008 cross=0.0011 patterns(t/s)=20/12 mask(v0/v1/v2)=0.75/0.75/0.75
[29800/50000] phase=B total=0.0029 ema=0.0021 recon=0.0029 align=0.0002 v0=0.0019 v1=0.0019 v2=0.0010 visible=0.0010 cross=0.0014 patterns(t/s)=17/15 mask(v0/v1/v2)=0.75/0.75/0.75
[29900/50000] phase=B total=0.0022 ema=0.0021 recon=0.0022 align=0.0002 v0=0.0021 v1=0.0009 v2=0.0007 visible=0.0007 cross=0.0011 patterns(t/s)=22/10 mask(v0/v1/v2)=0.75/0.75/0.75
[30000/50000] phase=B total=0.0017 ema=0.0021 recon=0.0017 align=0.0001 v0=0.0017 v1=0.0009 v2=0.0005 visible=0.0008 cross=0.0007 patterns(t/s)=20/12 mask(v0/v1/v2)=0.75/0.75/0.75
[30100/50000] phase=C total=0.0039 ema=0.0032 recon=0.0038 align=0.0005 v0=0.0037 v1=0.0013 v2=0.0009 visible=0.0011 cross=0.0021 patterns(t/s)=8/24 mask(v0/v1/v2)=0.75/0.75/0.75
[30200/50000] phase=C total=0.0050 ema=0.0037 recon=0.0050 align=0.0004 v0=0.0049 v1=0.0015 v2=0.0008 visible=0.0010 cross=0.0029 patterns(t/s)=6/26 mask(v0/v1/v2)=0.75/0.75/0.75
[30300/50000] phase=C total=0.0030 ema=0.0036 recon=0.0029 align=0.0003 v0=0.0027 v1=0.0011 v2=0.0007 visible=0.0009 cross=0.0016 patterns(t/s)=8/24 mask(v0/v1/v2)=0.75/0.75/0.75
[30400/50000] phase=C total=0.0025 ema=0.0036 recon=0.0024 align=0.0002 v0=0.0024 v1=0.0008 v2=0.0005 visible=0.0007 cross=0.0013 patterns(t/s)=9/23 mask(v0/v1/v2)=0.75/0.75/0.75
[30500/50000] phase=C total=0.0033 ema=0.0037 recon=0.0032 align=0.0003 v0=0.0028 v1=0.0013 v2=0.0010 visible=0.0010 cross=0.0017 patterns(t/s)=12/20 mask(v0/v1/v2)=0.75/0.75/0.75
[30600/50000] phase=C total=0.0069 ema=0.0035 recon=0.0068 align=0.0006 v0=0.0075 v1=0.0013 v2=0.0008 visible=0.0010 cross=0.0042 patterns(t/s)=5/27 mask(v0/v1/v2)=0.75/0.75/0.75
[30700/50000] phase=C total=0.0032 ema=0.0035 recon=0.0032 align=0.0003 v0=0.0031 v1=0.0011 v2=0.0007 visible=0.0008 cross=0.0018 patterns(t/s)=12/20 mask(v0/v1/v2)=0.75/0.75/0.75
[30800/50000] phase=C total=0.0038 ema=0.0035 recon=0.0037 align=0.0004 v0=0.0039 v1=0.0010 v2=0.0006 visible=0.0008 cross=0.0022 patterns(t/s)=8/24 mask(v0/v1/v2)=0.75/0.75/0.75
[30900/50000] phase=C total=0.0060 ema=0.0035 recon=0.0060 align=0.0004 v0=0.0067 v1=0.0012 v2=0.0006 visible=0.0009 cross=0.0036 patterns(t/s)=6/26 mask(v0/v1/v2)=0.75/0.75/0.75
[31000/50000] phase=C total=0.0020 ema=0.0035 recon=0.0020 align=0.0002 v0=0.0016 v1=0.0011 v2=0.0006 visible=0.0007 cross=0.0010 patterns(t/s)=12/20 mask(v0/v1/v2)=0.75/0.75/0.75
[31100/50000] phase=C total=0.0023 ema=0.0036 recon=0.0023 align=0.0002 v0=0.0015 v1=0.0012 v2=0.0008 visible=0.0006 cross=0.0013 patterns(t/s)=10/22 mask(v0/v1/v2)=0.75/0.75/0.75
[31200/50000] phase=C total=0.0030 ema=0.0035 recon=0.0030 align=0.0003 v0=0.0029 v1=0.0011 v2=0.0006 visible=0.0009 cross=0.0017 patterns(t/s)=8/24 mask(v0/v1/v2)=0.75/0.75/0.75
[31300/50000] phase=C total=0.0027 ema=0.0035 recon=0.0027 align=0.0003 v0=0.0022 v1=0.0013 v2=0.0007 visible=0.0008 cross=0.0014 patterns(t/s)=14/18 mask(v0/v1/v2)=0.75/0.75/0.75
[31400/50000] phase=C total=0.0041 ema=0.0034 recon=0.0040 align=0.0003 v0=0.0041 v1=0.0011 v2=0.0007 visible=0.0007 cross=0.0024 patterns(t/s)=10/22 mask(v0/v1/v2)=0.75/0.75/0.75
[31500/50000] phase=C total=0.0052 ema=0.0035 recon=0.0052 align=0.0005 v0=0.0047 v1=0.0015 v2=0.0013 visible=0.0013 cross=0.0029 patterns(t/s)=6/26 mask(v0/v1/v2)=0.75/0.75/0.75
[31600/50000] phase=C total=0.0035 ema=0.0036 recon=0.0035 align=0.0003 v0=0.0034 v1=0.0010 v2=0.0007 visible=0.0009 cross=0.0019 patterns(t/s)=10/22 mask(v0/v1/v2)=0.75/0.75/0.75
[31700/50000] phase=C total=0.0031 ema=0.0034 recon=0.0030 align=0.0003 v0=0.0025 v1=0.0011 v2=0.0011 visible=0.0009 cross=0.0016 patterns(t/s)=9/23 mask(v0/v1/v2)=0.75/0.75/0.75
[31800/50000] phase=C total=0.0027 ema=0.0034 recon=0.0026 align=0.0002 v0=0.0023 v1=0.0011 v2=0.0006 visible=0.0009 cross=0.0014 patterns(t/s)=9/23 mask(v0/v1/v2)=0.75/0.75/0.75
[31900/50000] phase=C total=0.0021 ema=0.0033 recon=0.0021 align=0.0002 v0=0.0021 v1=0.0008 v2=0.0006 visible=0.0008 cross=0.0011 patterns(t/s)=12/20 mask(v0/v1/v2)=0.75/0.75/0.75
[32000/50000] phase=C total=0.0032 ema=0.0034 recon=0.0032 align=0.0003 v0=0.0032 v1=0.0009 v2=0.0007 visible=0.0008 cross=0.0018 patterns(t/s)=11/21 mask(v0/v1/v2)=0.75/0.75/0.75
[32100/50000] phase=C total=0.0035 ema=0.0034 recon=0.0035 align=0.0003 v0=0.0037 v1=0.0010 v2=0.0007 visible=0.0009 cross=0.0019 patterns(t/s)=11/21 mask(v0/v1/v2)=0.75/0.75/0.75
[32200/50000] phase=C total=0.0020 ema=0.0034 recon=0.0020 align=0.0002 v0=0.0015 v1=0.0009 v2=0.0005 visible=0.0006 cross=0.0011 patterns(t/s)=6/26 mask(v0/v1/v2)=0.75/0.75/0.75
[32300/50000] phase=C total=0.0029 ema=0.0034 recon=0.0029 align=0.0004 v0=0.0029 v1=0.0009 v2=0.0005 visible=0.0007 cross=0.0017 patterns(t/s)=8/24 mask(v0/v1/v2)=0.75/0.75/0.75
[32400/50000] phase=C total=0.0046 ema=0.0034 recon=0.0045 align=0.0004 v0=0.0051 v1=0.0010 v2=0.0006 visible=0.0008 cross=0.0027 patterns(t/s)=11/21 mask(v0/v1/v2)=0.75/0.75/0.75
[32500/50000] phase=C total=0.0027 ema=0.0033 recon=0.0027 align=0.0003 v0=0.0025 v1=0.0010 v2=0.0007 visible=0.0009 cross=0.0014 patterns(t/s)=10/22 mask(v0/v1/v2)=0.75/0.75/0.75
[32600/50000] phase=C total=0.0029 ema=0.0033 recon=0.0028 align=0.0002 v0=0.0028 v1=0.0012 v2=0.0006 visible=0.0009 cross=0.0015 patterns(t/s)=16/16 mask(v0/v1/v2)=0.75/0.75/0.75
[32700/50000] phase=C total=0.0037 ema=0.0033 recon=0.0037 align=0.0003 v0=0.0039 v1=0.0009 v2=0.0005 visible=0.0008 cross=0.0021 patterns(t/s)=7/25 mask(v0/v1/v2)=0.75/0.75/0.75
[32800/50000] phase=C total=0.0037 ema=0.0034 recon=0.0037 align=0.0002 v0=0.0026 v1=0.0020 v2=0.0011 visible=0.0012 cross=0.0019 patterns(t/s)=10/22 mask(v0/v1/v2)=0.75/0.75/0.75
[32900/50000] phase=C total=0.0024 ema=0.0032 recon=0.0023 align=0.0002 v0=0.0018 v1=0.0011 v2=0.0006 visible=0.0008 cross=0.0013 patterns(t/s)=7/25 mask(v0/v1/v2)=0.75/0.75/0.75
[33000/50000] phase=C total=0.0022 ema=0.0032 recon=0.0022 align=0.0002 v0=0.0017 v1=0.0011 v2=0.0006 visible=0.0007 cross=0.0011 patterns(t/s)=13/19 mask(v0/v1/v2)=0.75/0.75/0.75
[33100/50000] phase=C total=0.0031 ema=0.0033 recon=0.0030 align=0.0003 v0=0.0028 v1=0.0011 v2=0.0007 visible=0.0007 cross=0.0018 patterns(t/s)=8/24 mask(v0/v1/v2)=0.75/0.75/0.75
[33200/50000] phase=C total=0.0052 ema=0.0033 recon=0.0052 align=0.0002 v0=0.0056 v1=0.0011 v2=0.0007 visible=0.0007 cross=0.0032 patterns(t/s)=10/22 mask(v0/v1/v2)=0.75/0.75/0.75
[33300/50000] phase=C total=0.0036 ema=0.0033 recon=0.0035 align=0.0004 v0=0.0029 v1=0.0014 v2=0.0008 visible=0.0007 cross=0.0021 patterns(t/s)=7/25 mask(v0/v1/v2)=0.75/0.75/0.75
[33400/50000] phase=C total=0.0036 ema=0.0033 recon=0.0036 align=0.0003 v0=0.0028 v1=0.0016 v2=0.0012 visible=0.0012 cross=0.0019 patterns(t/s)=10/22 mask(v0/v1/v2)=0.75/0.75/0.75
[33500/50000] phase=C total=0.0041 ema=0.0033 recon=0.0041 align=0.0004 v0=0.0041 v1=0.0012 v2=0.0006 visible=0.0008 cross=0.0024 patterns(t/s)=8/24 mask(v0/v1/v2)=0.75/0.75/0.75
[33600/50000] phase=C total=0.0030 ema=0.0032 recon=0.0030 align=0.0003 v0=0.0025 v1=0.0011 v2=0.0009 visible=0.0007 cross=0.0017 patterns(t/s)=13/19 mask(v0/v1/v2)=0.75/0.75/0.75
[33700/50000] phase=C total=0.0029 ema=0.0033 recon=0.0029 align=0.0003 v0=0.0027 v1=0.0010 v2=0.0006 visible=0.0008 cross=0.0016 patterns(t/s)=8/24 mask(v0/v1/v2)=0.75/0.75/0.75
[33800/50000] phase=C total=0.0034 ema=0.0034 recon=0.0033 align=0.0003 v0=0.0034 v1=0.0010 v2=0.0006 visible=0.0008 cross=0.0019 patterns(t/s)=10/22 mask(v0/v1/v2)=0.75/0.75/0.75
[33900/50000] phase=C total=0.0029 ema=0.0033 recon=0.0028 align=0.0002 v0=0.0023 v1=0.0012 v2=0.0007 visible=0.0007 cross=0.0016 patterns(t/s)=10/22 mask(v0/v1/v2)=0.75/0.75/0.75
[34000/50000] phase=C total=0.0030 ema=0.0032 recon=0.0029 align=0.0002 v0=0.0021 v1=0.0014 v2=0.0009 visible=0.0008 cross=0.0016 patterns(t/s)=9/23 mask(v0/v1/v2)=0.75/0.75/0.75
[34100/50000] phase=C total=0.0031 ema=0.0033 recon=0.0030 align=0.0002 v0=0.0027 v1=0.0012 v2=0.0006 visible=0.0009 cross=0.0017 patterns(t/s)=6/26 mask(v0/v1/v2)=0.75/0.75/0.75
[34200/50000] phase=C total=0.0031 ema=0.0034 recon=0.0031 align=0.0003 v0=0.0030 v1=0.0012 v2=0.0006 visible=0.0008 cross=0.0017 patterns(t/s)=12/20 mask(v0/v1/v2)=0.75/0.75/0.75
[34300/50000] phase=C total=0.0026 ema=0.0033 recon=0.0026 align=0.0002 v0=0.0023 v1=0.0012 v2=0.0006 visible=0.0009 cross=0.0013 patterns(t/s)=13/19 mask(v0/v1/v2)=0.75/0.75/0.75
[34400/50000] phase=C total=0.0036 ema=0.0032 recon=0.0036 align=0.0003 v0=0.0031 v1=0.0014 v2=0.0008 visible=0.0009 cross=0.0020 patterns(t/s)=9/23 mask(v0/v1/v2)=0.75/0.75/0.75
[34500/50000] phase=C total=0.0048 ema=0.0033 recon=0.0048 align=0.0003 v0=0.0054 v1=0.0010 v2=0.0005 visible=0.0007 cross=0.0029 patterns(t/s)=9/23 mask(v0/v1/v2)=0.75/0.75/0.75
[34600/50000] phase=C total=0.0039 ema=0.0032 recon=0.0039 align=0.0003 v0=0.0039 v1=0.0010 v2=0.0007 visible=0.0007 cross=0.0023 patterns(t/s)=9/23 mask(v0/v1/v2)=0.75/0.75/0.75
[34700/50000] phase=C total=0.0031 ema=0.0032 recon=0.0030 align=0.0003 v0=0.0030 v1=0.0009 v2=0.0006 visible=0.0007 cross=0.0017 patterns(t/s)=7/25 mask(v0/v1/v2)=0.75/0.75/0.75
[34800/50000] phase=C total=0.0031 ema=0.0033 recon=0.0031 align=0.0002 v0=0.0025 v1=0.0017 v2=0.0007 visible=0.0011 cross=0.0016 patterns(t/s)=12/20 mask(v0/v1/v2)=0.75/0.75/0.75
[34900/50000] phase=C total=0.0029 ema=0.0032 recon=0.0029 align=0.0003 v0=0.0025 v1=0.0011 v2=0.0006 visible=0.0008 cross=0.0016 patterns(t/s)=5/27 mask(v0/v1/v2)=0.75/0.75/0.75
[35000/50000] phase=C total=0.0029 ema=0.0031 recon=0.0029 align=0.0002 v0=0.0026 v1=0.0012 v2=0.0007 visible=0.0011 cross=0.0015 patterns(t/s)=7/25 mask(v0/v1/v2)=0.75/0.75/0.75
[35100/50000] phase=C total=0.0030 ema=0.0032 recon=0.0030 align=0.0002 v0=0.0023 v1=0.0012 v2=0.0010 visible=0.0008 cross=0.0016 patterns(t/s)=10/22 mask(v0/v1/v2)=0.75/0.75/0.75
[35200/50000] phase=C total=0.0034 ema=0.0032 recon=0.0034 align=0.0003 v0=0.0030 v1=0.0011 v2=0.0012 visible=0.0010 cross=0.0018 patterns(t/s)=11/21 mask(v0/v1/v2)=0.75/0.75/0.75
[35300/50000] phase=C total=0.0026 ema=0.0032 recon=0.0026 align=0.0002 v0=0.0023 v1=0.0010 v2=0.0006 visible=0.0007 cross=0.0015 patterns(t/s)=8/24 mask(v0/v1/v2)=0.75/0.75/0.75
[35400/50000] phase=C total=0.0027 ema=0.0032 recon=0.0027 align=0.0003 v0=0.0024 v1=0.0010 v2=0.0006 visible=0.0008 cross=0.0015 patterns(t/s)=5/27 mask(v0/v1/v2)=0.75/0.75/0.75
[35500/50000] phase=C total=0.0031 ema=0.0032 recon=0.0031 align=0.0002 v0=0.0030 v1=0.0012 v2=0.0007 visible=0.0010 cross=0.0016 patterns(t/s)=11/21 mask(v0/v1/v2)=0.75/0.75/0.75
[35600/50000] phase=C total=0.0034 ema=0.0032 recon=0.0034 align=0.0002 v0=0.0032 v1=0.0012 v2=0.0007 visible=0.0008 cross=0.0019 patterns(t/s)=11/21 mask(v0/v1/v2)=0.75/0.75/0.75
[35700/50000] phase=C total=0.0028 ema=0.0032 recon=0.0028 align=0.0002 v0=0.0027 v1=0.0010 v2=0.0006 visible=0.0008 cross=0.0016 patterns(t/s)=8/24 mask(v0/v1/v2)=0.75/0.75/0.75
[35800/50000] phase=C total=0.0043 ema=0.0033 recon=0.0043 align=0.0003 v0=0.0043 v1=0.0013 v2=0.0007 visible=0.0010 cross=0.0025 patterns(t/s)=7/25 mask(v0/v1/v2)=0.75/0.75/0.75
[35900/50000] phase=C total=0.0041 ema=0.0033 recon=0.0041 align=0.0005 v0=0.0041 v1=0.0011 v2=0.0010 visible=0.0011 cross=0.0022 patterns(t/s)=9/23 mask(v0/v1/v2)=0.75/0.75/0.75
[36000/50000] phase=C total=0.0026 ema=0.0033 recon=0.0026 align=0.0002 v0=0.0023 v1=0.0010 v2=0.0007 visible=0.0008 cross=0.0014 patterns(t/s)=11/21 mask(v0/v1/v2)=0.75/0.75/0.75
[36100/50000] phase=C total=0.0034 ema=0.0032 recon=0.0034 align=0.0003 v0=0.0028 v1=0.0013 v2=0.0010 visible=0.0009 cross=0.0019 patterns(t/s)=9/23 mask(v0/v1/v2)=0.75/0.75/0.75
[36200/50000] phase=C total=0.0040 ema=0.0032 recon=0.0040 align=0.0003 v0=0.0035 v1=0.0018 v2=0.0007 visible=0.0011 cross=0.0022 patterns(t/s)=8/24 mask(v0/v1/v2)=0.75/0.75/0.75
[36300/50000] phase=C total=0.0020 ema=0.0032 recon=0.0020 align=0.0001 v0=0.0018 v1=0.0010 v2=0.0005 visible=0.0007 cross=0.0010 patterns(t/s)=15/17 mask(v0/v1/v2)=0.75/0.75/0.75
[36400/50000] phase=C total=0.0040 ema=0.0032 recon=0.0040 align=0.0003 v0=0.0036 v1=0.0013 v2=0.0009 visible=0.0008 cross=0.0023 patterns(t/s)=11/21 mask(v0/v1/v2)=0.75/0.75/0.75
[36500/50000] phase=C total=0.0027 ema=0.0032 recon=0.0027 align=0.0002 v0=0.0028 v1=0.0008 v2=0.0004 visible=0.0006 cross=0.0015 patterns(t/s)=11/21 mask(v0/v1/v2)=0.75/0.75/0.75
[36600/50000] phase=C total=0.0032 ema=0.0032 recon=0.0032 align=0.0003 v0=0.0032 v1=0.0011 v2=0.0008 visible=0.0011 cross=0.0017 patterns(t/s)=12/20 mask(v0/v1/v2)=0.75/0.75/0.75
[36700/50000] phase=C total=0.0043 ema=0.0031 recon=0.0043 align=0.0003 v0=0.0044 v1=0.0010 v2=0.0009 visible=0.0012 cross=0.0024 patterns(t/s)=7/25 mask(v0/v1/v2)=0.75/0.75/0.75
[36800/50000] phase=C total=0.0035 ema=0.0031 recon=0.0035 align=0.0004 v0=0.0032 v1=0.0012 v2=0.0009 visible=0.0010 cross=0.0019 patterns(t/s)=12/20 mask(v0/v1/v2)=0.75/0.75/0.75
[36900/50000] phase=C total=0.0019 ema=0.0031 recon=0.0019 align=0.0002 v0=0.0016 v1=0.0008 v2=0.0005 visible=0.0006 cross=0.0010 patterns(t/s)=7/25 mask(v0/v1/v2)=0.75/0.75/0.75
[37000/50000] phase=C total=0.0027 ema=0.0032 recon=0.0027 align=0.0002 v0=0.0018 v1=0.0013 v2=0.0008 visible=0.0007 cross=0.0015 patterns(t/s)=8/24 mask(v0/v1/v2)=0.75/0.75/0.75
[37100/50000] phase=C total=0.0028 ema=0.0032 recon=0.0028 align=0.0001 v0=0.0029 v1=0.0009 v2=0.0005 visible=0.0007 cross=0.0016 patterns(t/s)=10/22 mask(v0/v1/v2)=0.75/0.75/0.75
[37200/50000] phase=C total=0.0034 ema=0.0031 recon=0.0034 align=0.0002 v0=0.0037 v1=0.0011 v2=0.0006 visible=0.0009 cross=0.0019 patterns(t/s)=14/18 mask(v0/v1/v2)=0.75/0.75/0.75
[37300/50000] phase=C total=0.0033 ema=0.0032 recon=0.0032 align=0.0002 v0=0.0027 v1=0.0016 v2=0.0008 visible=0.0011 cross=0.0017 patterns(t/s)=11/21 mask(v0/v1/v2)=0.75/0.75/0.75
[37400/50000] phase=C total=0.0024 ema=0.0032 recon=0.0024 align=0.0002 v0=0.0022 v1=0.0010 v2=0.0008 visible=0.0009 cross=0.0012 patterns(t/s)=12/20 mask(v0/v1/v2)=0.75/0.75/0.75
[37500/50000] phase=C total=0.0039 ema=0.0032 recon=0.0039 align=0.0004 v0=0.0033 v1=0.0013 v2=0.0013 visible=0.0013 cross=0.0021 patterns(t/s)=8/24 mask(v0/v1/v2)=0.75/0.75/0.75
[37600/50000] phase=C total=0.0028 ema=0.0031 recon=0.0028 align=0.0002 v0=0.0026 v1=0.0009 v2=0.0006 visible=0.0006 cross=0.0016 patterns(t/s)=9/23 mask(v0/v1/v2)=0.75/0.75/0.75
[37700/50000] phase=C total=0.0028 ema=0.0032 recon=0.0027 align=0.0002 v0=0.0028 v1=0.0008 v2=0.0005 visible=0.0007 cross=0.0015 patterns(t/s)=8/24 mask(v0/v1/v2)=0.75/0.75/0.75
[37800/50000] phase=C total=0.0019 ema=0.0031 recon=0.0019 align=0.0001 v0=0.0015 v1=0.0010 v2=0.0006 visible=0.0006 cross=0.0010 patterns(t/s)=12/20 mask(v0/v1/v2)=0.75/0.75/0.75
[37900/50000] phase=C total=0.0033 ema=0.0031 recon=0.0033 align=0.0002 v0=0.0034 v1=0.0012 v2=0.0006 visible=0.0009 cross=0.0018 patterns(t/s)=14/18 mask(v0/v1/v2)=0.75/0.75/0.75
[38000/50000] phase=C total=0.0029 ema=0.0031 recon=0.0029 align=0.0002 v0=0.0028 v1=0.0010 v2=0.0008 visible=0.0009 cross=0.0016 patterns(t/s)=12/20 mask(v0/v1/v2)=0.75/0.75/0.75
[38100/50000] phase=C total=0.0024 ema=0.0032 recon=0.0024 align=0.0002 v0=0.0018 v1=0.0014 v2=0.0006 visible=0.0008 cross=0.0013 patterns(t/s)=13/19 mask(v0/v1/v2)=0.75/0.75/0.75
[38200/50000] phase=C total=0.0027 ema=0.0032 recon=0.0027 align=0.0002 v0=0.0027 v1=0.0008 v2=0.0005 visible=0.0006 cross=0.0016 patterns(t/s)=7/25 mask(v0/v1/v2)=0.75/0.75/0.75
[38300/50000] phase=C total=0.0031 ema=0.0031 recon=0.0031 align=0.0003 v0=0.0032 v1=0.0009 v2=0.0007 visible=0.0009 cross=0.0016 patterns(t/s)=12/20 mask(v0/v1/v2)=0.75/0.75/0.75
[38400/50000] phase=C total=0.0043 ema=0.0031 recon=0.0042 align=0.0006 v0=0.0039 v1=0.0016 v2=0.0010 visible=0.0011 cross=0.0023 patterns(t/s)=11/21 mask(v0/v1/v2)=0.75/0.75/0.75
[38500/50000] phase=C total=0.0025 ema=0.0030 recon=0.0025 align=0.0001 v0=0.0020 v1=0.0012 v2=0.0009 visible=0.0009 cross=0.0012 patterns(t/s)=16/16 mask(v0/v1/v2)=0.75/0.75/0.75
[38600/50000] phase=C total=0.0034 ema=0.0031 recon=0.0034 align=0.0002 v0=0.0034 v1=0.0009 v2=0.0006 visible=0.0008 cross=0.0019 patterns(t/s)=8/24 mask(v0/v1/v2)=0.75/0.75/0.75
[38700/50000] phase=C total=0.0034 ema=0.0030 recon=0.0034 align=0.0002 v0=0.0039 v1=0.0008 v2=0.0004 visible=0.0007 cross=0.0019 patterns(t/s)=14/18 mask(v0/v1/v2)=0.75/0.75/0.75
[38800/50000] phase=C total=0.0028 ema=0.0030 recon=0.0028 align=0.0002 v0=0.0019 v1=0.0016 v2=0.0008 visible=0.0009 cross=0.0015 patterns(t/s)=9/23 mask(v0/v1/v2)=0.75/0.75/0.75
[38900/50000] phase=C total=0.0040 ema=0.0030 recon=0.0040 align=0.0002 v0=0.0040 v1=0.0011 v2=0.0007 visible=0.0008 cross=0.0023 patterns(t/s)=8/24 mask(v0/v1/v2)=0.75/0.75/0.75
[39000/50000] phase=C total=0.0031 ema=0.0030 recon=0.0030 align=0.0001 v0=0.0033 v1=0.0008 v2=0.0005 visible=0.0006 cross=0.0017 patterns(t/s)=15/17 mask(v0/v1/v2)=0.75/0.75/0.75
[39100/50000] phase=C total=0.0027 ema=0.0030 recon=0.0027 align=0.0002 v0=0.0024 v1=0.0011 v2=0.0007 visible=0.0009 cross=0.0014 patterns(t/s)=12/20 mask(v0/v1/v2)=0.75/0.75/0.75
[39200/50000] phase=C total=0.0024 ema=0.0031 recon=0.0024 align=0.0001 v0=0.0020 v1=0.0011 v2=0.0006 visible=0.0007 cross=0.0013 patterns(t/s)=12/20 mask(v0/v1/v2)=0.75/0.75/0.75
[39300/50000] phase=C total=0.0027 ema=0.0031 recon=0.0027 align=0.0002 v0=0.0020 v1=0.0012 v2=0.0010 visible=0.0007 cross=0.0015 patterns(t/s)=10/22 mask(v0/v1/v2)=0.75/0.75/0.75
[39400/50000] phase=C total=0.0044 ema=0.0030 recon=0.0044 align=0.0003 v0=0.0045 v1=0.0011 v2=0.0009 visible=0.0010 cross=0.0025 patterns(t/s)=6/26 mask(v0/v1/v2)=0.75/0.75/0.75
[39500/50000] phase=C total=0.0032 ema=0.0031 recon=0.0032 align=0.0002 v0=0.0033 v1=0.0009 v2=0.0007 visible=0.0008 cross=0.0018 patterns(t/s)=10/22 mask(v0/v1/v2)=0.75/0.75/0.75
[39600/50000] phase=C total=0.0023 ema=0.0031 recon=0.0023 align=0.0001 v0=0.0025 v1=0.0007 v2=0.0004 visible=0.0005 cross=0.0013 patterns(t/s)=14/18 mask(v0/v1/v2)=0.75/0.75/0.75
[39700/50000] phase=C total=0.0040 ema=0.0031 recon=0.0040 align=0.0002 v0=0.0037 v1=0.0015 v2=0.0008 visible=0.0010 cross=0.0023 patterns(t/s)=9/23 mask(v0/v1/v2)=0.75/0.75/0.75
[39800/50000] phase=C total=0.0033 ema=0.0030 recon=0.0033 align=0.0001 v0=0.0037 v1=0.0008 v2=0.0004 visible=0.0007 cross=0.0019 patterns(t/s)=13/19 mask(v0/v1/v2)=0.75/0.75/0.75
[39900/50000] phase=C total=0.0029 ema=0.0031 recon=0.0029 align=0.0002 v0=0.0030 v1=0.0009 v2=0.0005 visible=0.0007 cross=0.0016 patterns(t/s)=9/23 mask(v0/v1/v2)=0.75/0.75/0.75
[40000/50000] phase=C total=0.0035 ema=0.0031 recon=0.0035 align=0.0002 v0=0.0033 v1=0.0009 v2=0.0007 visible=0.0008 cross=0.0020 patterns(t/s)=4/28 mask(v0/v1/v2)=0.75/0.75/0.75
[40100/50000] phase=C total=0.0018 ema=0.0029 recon=0.0018 align=0.0001 v0=0.0017 v1=0.0008 v2=0.0005 visible=0.0006 cross=0.0009 patterns(t/s)=14/18 mask(v0/v1/v2)=0.75/0.75/0.75
[40200/50000] phase=C total=0.0034 ema=0.0030 recon=0.0034 align=0.0002 v0=0.0038 v1=0.0008 v2=0.0004 visible=0.0007 cross=0.0020 patterns(t/s)=9/23 mask(v0/v1/v2)=0.75/0.75/0.75
[40300/50000] phase=C total=0.0025 ema=0.0030 recon=0.0025 align=0.0001 v0=0.0022 v1=0.0013 v2=0.0006 visible=0.0008 cross=0.0013 patterns(t/s)=14/18 mask(v0/v1/v2)=0.75/0.75/0.75
[40400/50000] phase=C total=0.0025 ema=0.0030 recon=0.0025 align=0.0001 v0=0.0026 v1=0.0007 v2=0.0004 visible=0.0007 cross=0.0014 patterns(t/s)=11/21 mask(v0/v1/v2)=0.75/0.75/0.75
[40500/50000] phase=C total=0.0026 ema=0.0030 recon=0.0026 align=0.0001 v0=0.0025 v1=0.0011 v2=0.0004 visible=0.0008 cross=0.0014 patterns(t/s)=11/21 mask(v0/v1/v2)=0.75/0.75/0.75
[40600/50000] phase=C total=0.0025 ema=0.0030 recon=0.0025 align=0.0001 v0=0.0018 v1=0.0012 v2=0.0008 visible=0.0008 cross=0.0013 patterns(t/s)=9/23 mask(v0/v1/v2)=0.75/0.75/0.75
[40700/50000] phase=C total=0.0024 ema=0.0030 recon=0.0024 align=0.0002 v0=0.0020 v1=0.0009 v2=0.0005 visible=0.0005 cross=0.0014 patterns(t/s)=7/25 mask(v0/v1/v2)=0.75/0.75/0.75
[40800/50000] phase=C total=0.0027 ema=0.0030 recon=0.0027 align=0.0002 v0=0.0021 v1=0.0012 v2=0.0008 visible=0.0008 cross=0.0015 patterns(t/s)=9/23 mask(v0/v1/v2)=0.75/0.75/0.75
[40900/50000] phase=C total=0.0033 ema=0.0029 recon=0.0033 align=0.0002 v0=0.0036 v1=0.0009 v2=0.0005 visible=0.0008 cross=0.0019 patterns(t/s)=10/22 mask(v0/v1/v2)=0.75/0.75/0.75
[41000/50000] phase=C total=0.0035 ema=0.0029 recon=0.0035 align=0.0002 v0=0.0034 v1=0.0013 v2=0.0008 visible=0.0011 cross=0.0019 patterns(t/s)=11/21 mask(v0/v1/v2)=0.75/0.75/0.75
[41100/50000] phase=C total=0.0046 ema=0.0031 recon=0.0046 align=0.0002 v0=0.0051 v1=0.0011 v2=0.0008 visible=0.0017 cross=0.0024 patterns(t/s)=8/24 mask(v0/v1/v2)=0.75/0.75/0.75
[41200/50000] phase=C total=0.0020 ema=0.0030 recon=0.0020 align=0.0002 v0=0.0016 v1=0.0009 v2=0.0005 visible=0.0007 cross=0.0011 patterns(t/s)=7/25 mask(v0/v1/v2)=0.75/0.75/0.75
[41300/50000] phase=C total=0.0026 ema=0.0030 recon=0.0026 align=0.0002 v0=0.0026 v1=0.0010 v2=0.0006 visible=0.0008 cross=0.0013 patterns(t/s)=11/21 mask(v0/v1/v2)=0.75/0.75/0.75
[41400/50000] phase=C total=0.0032 ema=0.0030 recon=0.0032 align=0.0001 v0=0.0033 v1=0.0009 v2=0.0005 visible=0.0006 cross=0.0018 patterns(t/s)=8/24 mask(v0/v1/v2)=0.75/0.75/0.75
[41500/50000] phase=C total=0.0036 ema=0.0030 recon=0.0036 align=0.0002 v0=0.0031 v1=0.0017 v2=0.0008 visible=0.0010 cross=0.0019 patterns(t/s)=10/22 mask(v0/v1/v2)=0.75/0.75/0.75
[41600/50000] phase=C total=0.0021 ema=0.0029 recon=0.0021 align=0.0001 v0=0.0018 v1=0.0008 v2=0.0005 visible=0.0004 cross=0.0012 patterns(t/s)=11/21 mask(v0/v1/v2)=0.75/0.75/0.75
[41700/50000] phase=C total=0.0039 ema=0.0030 recon=0.0039 align=0.0002 v0=0.0039 v1=0.0011 v2=0.0006 visible=0.0007 cross=0.0023 patterns(t/s)=7/25 mask(v0/v1/v2)=0.75/0.75/0.75
[41800/50000] phase=C total=0.0037 ema=0.0030 recon=0.0037 align=0.0002 v0=0.0037 v1=0.0012 v2=0.0008 visible=0.0010 cross=0.0020 patterns(t/s)=15/17 mask(v0/v1/v2)=0.75/0.75/0.75
[41900/50000] phase=C total=0.0031 ema=0.0029 recon=0.0031 align=0.0001 v0=0.0033 v1=0.0008 v2=0.0004 visible=0.0006 cross=0.0018 patterns(t/s)=8/24 mask(v0/v1/v2)=0.75/0.75/0.75
[42000/50000] phase=C total=0.0046 ema=0.0029 recon=0.0045 align=0.0002 v0=0.0048 v1=0.0010 v2=0.0006 visible=0.0007 cross=0.0028 patterns(t/s)=8/24 mask(v0/v1/v2)=0.75/0.75/0.75
[42100/50000] phase=C total=0.0021 ema=0.0030 recon=0.0021 align=0.0001 v0=0.0020 v1=0.0008 v2=0.0004 visible=0.0005 cross=0.0012 patterns(t/s)=9/23 mask(v0/v1/v2)=0.75/0.75/0.75
[42200/50000] phase=C total=0.0032 ema=0.0029 recon=0.0031 align=0.0002 v0=0.0031 v1=0.0008 v2=0.0007 visible=0.0007 cross=0.0018 patterns(t/s)=7/25 mask(v0/v1/v2)=0.75/0.75/0.75
[42300/50000] phase=C total=0.0030 ema=0.0030 recon=0.0030 align=0.0002 v0=0.0029 v1=0.0010 v2=0.0006 visible=0.0011 cross=0.0016 patterns(t/s)=8/24 mask(v0/v1/v2)=0.75/0.75/0.75
[42400/50000] phase=C total=0.0025 ema=0.0030 recon=0.0025 align=0.0001 v0=0.0026 v1=0.0008 v2=0.0004 visible=0.0007 cross=0.0014 patterns(t/s)=11/21 mask(v0/v1/v2)=0.75/0.75/0.75
[42500/50000] phase=C total=0.0027 ema=0.0031 recon=0.0027 align=0.0002 v0=0.0023 v1=0.0011 v2=0.0007 visible=0.0008 cross=0.0015 patterns(t/s)=8/24 mask(v0/v1/v2)=0.75/0.75/0.75
[42600/50000] phase=C total=0.0054 ema=0.0030 recon=0.0054 align=0.0004 v0=0.0059 v1=0.0010 v2=0.0007 visible=0.0009 cross=0.0032 patterns(t/s)=6/26 mask(v0/v1/v2)=0.75/0.75/0.75
[42700/50000] phase=C total=0.0030 ema=0.0029 recon=0.0030 align=0.0001 v0=0.0033 v1=0.0009 v2=0.0005 visible=0.0007 cross=0.0017 patterns(t/s)=14/18 mask(v0/v1/v2)=0.75/0.75/0.75
[42800/50000] phase=C total=0.0037 ema=0.0029 recon=0.0037 align=0.0003 v0=0.0033 v1=0.0013 v2=0.0009 visible=0.0011 cross=0.0020 patterns(t/s)=7/25 mask(v0/v1/v2)=0.75/0.75/0.75
[42900/50000] phase=C total=0.0030 ema=0.0030 recon=0.0029 align=0.0001 v0=0.0031 v1=0.0008 v2=0.0005 visible=0.0007 cross=0.0017 patterns(t/s)=9/23 mask(v0/v1/v2)=0.75/0.75/0.75
[43000/50000] phase=C total=0.0024 ema=0.0029 recon=0.0024 align=0.0001 v0=0.0019 v1=0.0011 v2=0.0007 visible=0.0007 cross=0.0013 patterns(t/s)=11/21 mask(v0/v1/v2)=0.75/0.75/0.75
[43100/50000] phase=C total=0.0024 ema=0.0029 recon=0.0023 align=0.0001 v0=0.0019 v1=0.0010 v2=0.0007 visible=0.0007 cross=0.0013 patterns(t/s)=10/22 mask(v0/v1/v2)=0.75/0.75/0.75
[43200/50000] phase=C total=0.0034 ema=0.0029 recon=0.0034 align=0.0002 v0=0.0024 v1=0.0017 v2=0.0009 visible=0.0009 cross=0.0019 patterns(t/s)=5/27 mask(v0/v1/v2)=0.75/0.75/0.75
[43300/50000] phase=C total=0.0029 ema=0.0029 recon=0.0029 align=0.0001 v0=0.0030 v1=0.0009 v2=0.0005 visible=0.0008 cross=0.0016 patterns(t/s)=11/21 mask(v0/v1/v2)=0.75/0.75/0.75
[43400/50000] phase=C total=0.0051 ema=0.0029 recon=0.0050 align=0.0003 v0=0.0055 v1=0.0011 v2=0.0007 visible=0.0009 cross=0.0030 patterns(t/s)=6/26 mask(v0/v1/v2)=0.75/0.75/0.75
[43500/50000] phase=C total=0.0028 ema=0.0030 recon=0.0028 align=0.0002 v0=0.0027 v1=0.0009 v2=0.0005 visible=0.0006 cross=0.0016 patterns(t/s)=9/23 mask(v0/v1/v2)=0.75/0.75/0.75
[43600/50000] phase=C total=0.0024 ema=0.0030 recon=0.0024 align=0.0002 v0=0.0019 v1=0.0010 v2=0.0005 visible=0.0005 cross=0.0014 patterns(t/s)=6/26 mask(v0/v1/v2)=0.75/0.75/0.75
[43700/50000] phase=C total=0.0032 ema=0.0030 recon=0.0032 align=0.0002 v0=0.0031 v1=0.0010 v2=0.0007 visible=0.0008 cross=0.0018 patterns(t/s)=9/23 mask(v0/v1/v2)=0.75/0.75/0.75
[43800/50000] phase=C total=0.0029 ema=0.0030 recon=0.0028 align=0.0001 v0=0.0023 v1=0.0013 v2=0.0009 visible=0.0009 cross=0.0015 patterns(t/s)=12/20 mask(v0/v1/v2)=0.75/0.75/0.75
[43900/50000] phase=C total=0.0034 ema=0.0029 recon=0.0034 align=0.0002 v0=0.0033 v1=0.0010 v2=0.0007 visible=0.0007 cross=0.0020 patterns(t/s)=10/22 mask(v0/v1/v2)=0.75/0.75/0.75
[44000/50000] phase=C total=0.0027 ema=0.0028 recon=0.0027 align=0.0002 v0=0.0026 v1=0.0008 v2=0.0005 visible=0.0005 cross=0.0016 patterns(t/s)=11/21 mask(v0/v1/v2)=0.75/0.75/0.75
[44100/50000] phase=C total=0.0034 ema=0.0029 recon=0.0034 align=0.0002 v0=0.0034 v1=0.0011 v2=0.0006 visible=0.0007 cross=0.0020 patterns(t/s)=11/21 mask(v0/v1/v2)=0.75/0.75/0.75
[44200/50000] phase=C total=0.0032 ema=0.0029 recon=0.0032 align=0.0001 v0=0.0027 v1=0.0014 v2=0.0008 visible=0.0008 cross=0.0018 patterns(t/s)=13/19 mask(v0/v1/v2)=0.75/0.75/0.75
[44300/50000] phase=C total=0.0025 ema=0.0031 recon=0.0024 align=0.0001 v0=0.0025 v1=0.0008 v2=0.0004 visible=0.0006 cross=0.0014 patterns(t/s)=10/22 mask(v0/v1/v2)=0.75/0.75/0.75
[44400/50000] phase=C total=0.0021 ema=0.0029 recon=0.0021 align=0.0001 v0=0.0021 v1=0.0008 v2=0.0004 visible=0.0005 cross=0.0012 patterns(t/s)=12/20 mask(v0/v1/v2)=0.75/0.75/0.75
[44500/50000] phase=C total=0.0026 ema=0.0029 recon=0.0025 align=0.0002 v0=0.0026 v1=0.0008 v2=0.0004 visible=0.0006 cross=0.0014 patterns(t/s)=9/23 mask(v0/v1/v2)=0.75/0.75/0.75
[44600/50000] phase=C total=0.0038 ema=0.0030 recon=0.0038 align=0.0002 v0=0.0038 v1=0.0012 v2=0.0006 visible=0.0009 cross=0.0022 patterns(t/s)=10/22 mask(v0/v1/v2)=0.75/0.75/0.75
[44700/50000] phase=C total=0.0036 ema=0.0029 recon=0.0036 align=0.0002 v0=0.0037 v1=0.0011 v2=0.0006 visible=0.0009 cross=0.0020 patterns(t/s)=9/23 mask(v0/v1/v2)=0.75/0.75/0.75
[44800/50000] phase=C total=0.0026 ema=0.0029 recon=0.0026 align=0.0001 v0=0.0022 v1=0.0010 v2=0.0006 visible=0.0005 cross=0.0015 patterns(t/s)=7/25 mask(v0/v1/v2)=0.75/0.75/0.75
[44900/50000] phase=C total=0.0020 ema=0.0029 recon=0.0020 align=0.0001 v0=0.0019 v1=0.0008 v2=0.0004 visible=0.0007 cross=0.0010 patterns(t/s)=12/20 mask(v0/v1/v2)=0.75/0.75/0.75
[45000/50000] phase=C total=0.0017 ema=0.0029 recon=0.0017 align=0.0001 v0=0.0014 v1=0.0009 v2=0.0005 visible=0.0006 cross=0.0009 patterns(t/s)=14/18 mask(v0/v1/v2)=0.75/0.75/0.75
[45100/50000] phase=C total=0.0034 ema=0.0029 recon=0.0034 align=0.0001 v0=0.0030 v1=0.0012 v2=0.0008 visible=0.0009 cross=0.0019 patterns(t/s)=9/23 mask(v0/v1/v2)=0.75/0.75/0.75
[45200/50000] phase=C total=0.0023 ema=0.0028 recon=0.0022 align=0.0002 v0=0.0018 v1=0.0009 v2=0.0006 visible=0.0006 cross=0.0013 patterns(t/s)=6/26 mask(v0/v1/v2)=0.75/0.75/0.75
[45300/50000] phase=C total=0.0026 ema=0.0028 recon=0.0026 align=0.0001 v0=0.0021 v1=0.0012 v2=0.0006 visible=0.0006 cross=0.0015 patterns(t/s)=8/24 mask(v0/v1/v2)=0.75/0.75/0.75
[45400/50000] phase=C total=0.0027 ema=0.0028 recon=0.0026 align=0.0001 v0=0.0022 v1=0.0012 v2=0.0005 visible=0.0006 cross=0.0015 patterns(t/s)=8/24 mask(v0/v1/v2)=0.75/0.75/0.75
[45500/50000] phase=C total=0.0023 ema=0.0028 recon=0.0023 align=0.0001 v0=0.0020 v1=0.0010 v2=0.0005 visible=0.0006 cross=0.0012 patterns(t/s)=9/23 mask(v0/v1/v2)=0.75/0.75/0.75
[45600/50000] phase=C total=0.0036 ema=0.0029 recon=0.0036 align=0.0002 v0=0.0031 v1=0.0012 v2=0.0011 visible=0.0008 cross=0.0020 patterns(t/s)=14/18 mask(v0/v1/v2)=0.75/0.75/0.75
[45700/50000] phase=C total=0.0023 ema=0.0030 recon=0.0023 align=0.0001 v0=0.0020 v1=0.0009 v2=0.0007 visible=0.0007 cross=0.0012 patterns(t/s)=10/22 mask(v0/v1/v2)=0.75/0.75/0.75
[45800/50000] phase=C total=0.0033 ema=0.0029 recon=0.0033 align=0.0001 v0=0.0031 v1=0.0011 v2=0.0006 visible=0.0006 cross=0.0020 patterns(t/s)=7/25 mask(v0/v1/v2)=0.75/0.75/0.75
[45900/50000] phase=C total=0.0043 ema=0.0029 recon=0.0043 align=0.0002 v0=0.0047 v1=0.0009 v2=0.0005 visible=0.0008 cross=0.0025 patterns(t/s)=7/25 mask(v0/v1/v2)=0.75/0.75/0.75
[46000/50000] phase=C total=0.0031 ema=0.0029 recon=0.0031 align=0.0002 v0=0.0036 v1=0.0006 v2=0.0004 visible=0.0007 cross=0.0017 patterns(t/s)=14/18 mask(v0/v1/v2)=0.75/0.75/0.75
[46100/50000] phase=C total=0.0031 ema=0.0029 recon=0.0030 align=0.0001 v0=0.0032 v1=0.0008 v2=0.0005 visible=0.0007 cross=0.0017 patterns(t/s)=7/25 mask(v0/v1/v2)=0.75/0.75/0.75
[46200/50000] phase=C total=0.0029 ema=0.0029 recon=0.0029 align=0.0002 v0=0.0031 v1=0.0009 v2=0.0006 visible=0.0008 cross=0.0016 patterns(t/s)=16/16 mask(v0/v1/v2)=0.75/0.75/0.75
[46300/50000] phase=C total=0.0034 ema=0.0029 recon=0.0034 align=0.0002 v0=0.0030 v1=0.0013 v2=0.0008 visible=0.0010 cross=0.0019 patterns(t/s)=7/25 mask(v0/v1/v2)=0.75/0.75/0.75
[46400/50000] phase=C total=0.0030 ema=0.0028 recon=0.0030 align=0.0002 v0=0.0031 v1=0.0008 v2=0.0005 visible=0.0007 cross=0.0017 patterns(t/s)=8/24 mask(v0/v1/v2)=0.75/0.75/0.75
[46500/50000] phase=C total=0.0026 ema=0.0028 recon=0.0025 align=0.0001 v0=0.0022 v1=0.0010 v2=0.0006 visible=0.0006 cross=0.0015 patterns(t/s)=9/23 mask(v0/v1/v2)=0.75/0.75/0.75
[46600/50000] phase=C total=0.0014 ema=0.0028 recon=0.0014 align=0.0001 v0=0.0011 v1=0.0007 v2=0.0005 visible=0.0006 cross=0.0006 patterns(t/s)=16/16 mask(v0/v1/v2)=0.75/0.75/0.75
[46700/50000] phase=C total=0.0039 ema=0.0028 recon=0.0038 align=0.0002 v0=0.0041 v1=0.0009 v2=0.0005 visible=0.0007 cross=0.0023 patterns(t/s)=7/25 mask(v0/v1/v2)=0.75/0.75/0.75
[46800/50000] phase=C total=0.0037 ema=0.0028 recon=0.0036 align=0.0002 v0=0.0030 v1=0.0017 v2=0.0009 visible=0.0010 cross=0.0020 patterns(t/s)=11/21 mask(v0/v1/v2)=0.75/0.75/0.75
[46900/50000] phase=C total=0.0031 ema=0.0029 recon=0.0031 align=0.0001 v0=0.0030 v1=0.0011 v2=0.0006 visible=0.0009 cross=0.0017 patterns(t/s)=9/23 mask(v0/v1/v2)=0.75/0.75/0.75
[47000/50000] phase=C total=0.0028 ema=0.0028 recon=0.0028 align=0.0001 v0=0.0033 v1=0.0006 v2=0.0003 visible=0.0006 cross=0.0016 patterns(t/s)=13/19 mask(v0/v1/v2)=0.75/0.75/0.75
[47100/50000] phase=C total=0.0035 ema=0.0028 recon=0.0035 align=0.0001 v0=0.0032 v1=0.0012 v2=0.0007 visible=0.0008 cross=0.0020 patterns(t/s)=8/24 mask(v0/v1/v2)=0.75/0.75/0.75
[47200/50000] phase=C total=0.0018 ema=0.0029 recon=0.0017 align=0.0001 v0=0.0014 v1=0.0009 v2=0.0005 visible=0.0006 cross=0.0009 patterns(t/s)=12/20 mask(v0/v1/v2)=0.75/0.75/0.75
[47300/50000] phase=C total=0.0044 ema=0.0029 recon=0.0044 align=0.0001 v0=0.0047 v1=0.0011 v2=0.0006 visible=0.0007 cross=0.0026 patterns(t/s)=11/21 mask(v0/v1/v2)=0.75/0.75/0.75
[47400/50000] phase=C total=0.0030 ema=0.0029 recon=0.0030 align=0.0001 v0=0.0031 v1=0.0008 v2=0.0004 visible=0.0006 cross=0.0017 patterns(t/s)=9/23 mask(v0/v1/v2)=0.75/0.75/0.75
[47500/50000] phase=C total=0.0033 ema=0.0029 recon=0.0032 align=0.0001 v0=0.0033 v1=0.0009 v2=0.0005 visible=0.0006 cross=0.0019 patterns(t/s)=7/25 mask(v0/v1/v2)=0.75/0.75/0.75
[47600/50000] phase=C total=0.0023 ema=0.0029 recon=0.0023 align=0.0001 v0=0.0020 v1=0.0009 v2=0.0005 visible=0.0005 cross=0.0013 patterns(t/s)=10/22 mask(v0/v1/v2)=0.75/0.75/0.75
[47700/50000] phase=C total=0.0020 ema=0.0029 recon=0.0020 align=0.0001 v0=0.0019 v1=0.0007 v2=0.0004 visible=0.0007 cross=0.0010 patterns(t/s)=9/23 mask(v0/v1/v2)=0.75/0.75/0.75
[47800/50000] phase=C total=0.0023 ema=0.0028 recon=0.0023 align=0.0001 v0=0.0020 v1=0.0008 v2=0.0006 visible=0.0005 cross=0.0013 patterns(t/s)=7/25 mask(v0/v1/v2)=0.75/0.75/0.75
[47900/50000] phase=C total=0.0023 ema=0.0028 recon=0.0023 align=0.0001 v0=0.0021 v1=0.0008 v2=0.0006 visible=0.0008 cross=0.0012 patterns(t/s)=9/23 mask(v0/v1/v2)=0.75/0.75/0.75
[48000/50000] phase=C total=0.0021 ema=0.0027 recon=0.0021 align=0.0001 v0=0.0018 v1=0.0009 v2=0.0005 visible=0.0006 cross=0.0012 patterns(t/s)=10/22 mask(v0/v1/v2)=0.75/0.75/0.75
[48100/50000] phase=C total=0.0030 ema=0.0027 recon=0.0030 align=0.0001 v0=0.0032 v1=0.0007 v2=0.0004 visible=0.0005 cross=0.0018 patterns(t/s)=8/24 mask(v0/v1/v2)=0.75/0.75/0.75
[48200/50000] phase=C total=0.0017 ema=0.0028 recon=0.0017 align=0.0001 v0=0.0014 v1=0.0009 v2=0.0005 visible=0.0005 cross=0.0009 patterns(t/s)=14/18 mask(v0/v1/v2)=0.75/0.75/0.75
[48300/50000] phase=C total=0.0037 ema=0.0029 recon=0.0036 align=0.0002 v0=0.0031 v1=0.0013 v2=0.0010 visible=0.0008 cross=0.0021 patterns(t/s)=8/24 mask(v0/v1/v2)=0.75/0.75/0.75
[48400/50000] phase=C total=0.0015 ema=0.0028 recon=0.0015 align=0.0001 v0=0.0017 v1=0.0006 v2=0.0003 visible=0.0005 cross=0.0008 patterns(t/s)=17/15 mask(v0/v1/v2)=0.75/0.75/0.75
[48500/50000] phase=C total=0.0019 ema=0.0028 recon=0.0018 align=0.0001 v0=0.0017 v1=0.0008 v2=0.0004 visible=0.0006 cross=0.0010 patterns(t/s)=10/22 mask(v0/v1/v2)=0.75/0.75/0.75
[48600/50000] phase=C total=0.0025 ema=0.0028 recon=0.0025 align=0.0001 v0=0.0024 v1=0.0008 v2=0.0004 visible=0.0005 cross=0.0014 patterns(t/s)=8/24 mask(v0/v1/v2)=0.75/0.75/0.75
[48700/50000] phase=C total=0.0030 ema=0.0028 recon=0.0030 align=0.0001 v0=0.0029 v1=0.0010 v2=0.0007 visible=0.0008 cross=0.0017 patterns(t/s)=11/21 mask(v0/v1/v2)=0.75/0.75/0.75
[48800/50000] phase=C total=0.0023 ema=0.0028 recon=0.0023 align=0.0001 v0=0.0021 v1=0.0008 v2=0.0005 visible=0.0005 cross=0.0013 patterns(t/s)=11/21 mask(v0/v1/v2)=0.75/0.75/0.75
[48900/50000] phase=C total=0.0023 ema=0.0028 recon=0.0023 align=0.0001 v0=0.0025 v1=0.0006 v2=0.0004 visible=0.0005 cross=0.0013 patterns(t/s)=12/20 mask(v0/v1/v2)=0.75/0.75/0.75
[49000/50000] phase=C total=0.0033 ema=0.0029 recon=0.0033 align=0.0002 v0=0.0034 v1=0.0009 v2=0.0005 visible=0.0006 cross=0.0019 patterns(t/s)=9/23 mask(v0/v1/v2)=0.75/0.75/0.75
[49100/50000] phase=C total=0.0026 ema=0.0028 recon=0.0025 align=0.0001 v0=0.0027 v1=0.0007 v2=0.0005 visible=0.0007 cross=0.0014 patterns(t/s)=11/21 mask(v0/v1/v2)=0.75/0.75/0.75
[49200/50000] phase=C total=0.0031 ema=0.0028 recon=0.0031 align=0.0002 v0=0.0027 v1=0.0012 v2=0.0006 visible=0.0007 cross=0.0018 patterns(t/s)=9/23 mask(v0/v1/v2)=0.75/0.75/0.75
[49300/50000] phase=C total=0.0019 ema=0.0027 recon=0.0018 align=0.0001 v0=0.0017 v1=0.0007 v2=0.0004 visible=0.0005 cross=0.0010 patterns(t/s)=12/20 mask(v0/v1/v2)=0.75/0.75/0.75
[49400/50000] phase=C total=0.0030 ema=0.0028 recon=0.0030 align=0.0001 v0=0.0031 v1=0.0010 v2=0.0005 visible=0.0008 cross=0.0016 patterns(t/s)=10/22 mask(v0/v1/v2)=0.75/0.75/0.75
[49500/50000] phase=C total=0.0038 ema=0.0027 recon=0.0038 align=0.0001 v0=0.0042 v1=0.0008 v2=0.0005 visible=0.0007 cross=0.0023 patterns(t/s)=7/25 mask(v0/v1/v2)=0.75/0.75/0.75
[49600/50000] phase=C total=0.0029 ema=0.0027 recon=0.0029 align=0.0001 v0=0.0031 v1=0.0009 v2=0.0005 visible=0.0008 cross=0.0016 patterns(t/s)=15/17 mask(v0/v1/v2)=0.75/0.75/0.75
[49700/50000] phase=C total=0.0019 ema=0.0028 recon=0.0019 align=0.0001 v0=0.0018 v1=0.0007 v2=0.0004 visible=0.0005 cross=0.0010 patterns(t/s)=9/23 mask(v0/v1/v2)=0.75/0.75/0.75
[49800/50000] phase=C total=0.0017 ema=0.0028 recon=0.0017 align=0.0001 v0=0.0016 v1=0.0007 v2=0.0004 visible=0.0006 cross=0.0008 patterns(t/s)=9/23 mask(v0/v1/v2)=0.75/0.75/0.75
[49900/50000] phase=C total=0.0023 ema=0.0028 recon=0.0023 align=0.0001 v0=0.0018 v1=0.0011 v2=0.0005 visible=0.0006 cross=0.0013 patterns(t/s)=11/21 mask(v0/v1/v2)=0.75/0.75/0.75
[50000/50000] phase=C total=0.0021 ema=0.0028 recon=0.0021 align=0.0001 v0=0.0020 v1=0.0008 v2=0.0004 visible=0.0007 cross=0.0011 patterns(t/s)=12/20 mask(v0/v1/v2)=0.75/0.75/0.75
Done. Saved weights to /home/medcvr/Desktop/hamza/multicam-vit/MultiModalViT/seq_runs/curriculum_20260329_173506/vtmae_curriculum_50000.pt

Exit code: 0
