
=== mad (mad) ===
Command:
/home/medcvr/miniconda3/envs/vsmae/bin/python3.10 /home/medcvr/Desktop/hamza/multicam-vit/MultiModalViT/mad/train.py agent=mad task=button-press-topdown 'cameras=[first,third1,third2]' 'eval_cameras=[[first],[third1],[third2],[first,third1,third2]]' camera_alias_profile=mad metaworld_backend=ours num_train_steps=500000 seed=1 device=cuda batch_size=256 eval_every_steps=25000 num_eval_episodes=20 save_snapshot=false save_video=false save_final_video_once=false use_wandb=false

/home/medcvr/miniconda3/envs/vsmae/lib/python3.10/site-packages/sapien/__init__.py:18: UserWarning: pkg_resources is deprecated as an API. See https://setuptools.pypa.io/en/latest/pkg_resources.html. The pkg_resources package is slated for removal as early as 2025-11-30. Refrain from using this package or pin to Setuptools<81.
  import pkg_resources
/home/medcvr/Desktop/hamza/multicam-vit/MultiModalViT/mad/train.py:279: UserWarning: 
The version_base parameter is not specified.
Please specify a compatability version level, or None.
Will assume defaults for version 1.1
  @hydra.main(config_path='.', config_name='config')
/home/medcvr/miniconda3/envs/vsmae/lib/python3.10/site-packages/hydra/_internal/hydra.py:119: UserWarning: Future Hydra versions will no longer change working directory at job runtime by default.
See https://hydra.cc/docs/next/upgrades/1.1_to_1.2/changes_to_job_working_dir/ for more information.
  ret = run_job(
/home/medcvr/Desktop/hamza/multicam-vit/MultiModalViT/mad/train.py:279: UserWarning: 
The version_base parameter is not specified.
Please specify a compatability version level, or None.
Will assume defaults for version 1.1
  @hydra.main(config_path='.', config_name='config')
Task: button-press-topdown -> button-press-topdown
Meta-World backend: ours
Camera alias profile: mad
Train cameras: ['first', 'third1', 'third2'] -> ['gripperPOV', 'corner2', 'corner3']
Eval cameras: [['first'], ['third1'], ['third2'], ['first', 'third1', 'third2']] -> [['gripperPOV'], ['corner2'], ['corner3'], ['gripperPOV', 'corner2', 'corner3']]
Checking memory requirement:  17.75 GB
-----------------------------------------
  Task:            button-press-topdown
  Algorithm:       mad
  Experiment:      default
  Seed:            1
  Train steps:     500,000
  Observations:    3x9x84x84
  Actions:         4
  Use_wandb:       False
-----------------------------------------
Wandb disabled.

  0%|          | 0/20 [00:00<?, ?it/s]/home/medcvr/miniconda3/envs/vsmae/lib/python3.10/site-packages/torch/nn/modules/conv.py:456: UserWarning: Applied workaround for CuDNN issue, install nvrtc.so (Triggered internally at /opt/conda/conda-bld/pytorch_1711403388920/work/aten/src/ATen/native/cudnn/Conv_v8.cpp:80.)
  return F.conv2d(input, weight, bias, self.stride,

  5%|▌         | 1/20 [00:00<00:12,  1.49it/s]
 10%|█         | 2/20 [00:01<00:09,  1.95it/s]
 15%|█▌        | 3/20 [00:01<00:07,  2.18it/s]
 20%|██        | 4/20 [00:01<00:06,  2.31it/s]
 25%|██▌       | 5/20 [00:02<00:06,  2.37it/s]
 30%|███       | 6/20 [00:02<00:05,  2.42it/s]
 35%|███▌      | 7/20 [00:03<00:05,  2.45it/s]
 40%|████      | 8/20 [00:03<00:04,  2.47it/s]
 45%|████▌     | 9/20 [00:03<00:04,  2.48it/s]
 50%|█████     | 10/20 [00:04<00:04,  2.49it/s]
 55%|█████▌    | 11/20 [00:04<00:03,  2.51it/s]
 60%|██████    | 12/20 [00:05<00:03,  2.51it/s]
 65%|██████▌   | 13/20 [00:05<00:02,  2.50it/s]
 70%|███████   | 14/20 [00:05<00:02,  2.49it/s]
 75%|███████▌  | 15/20 [00:06<00:02,  2.48it/s]
 80%|████████  | 16/20 [00:06<00:01,  2.49it/s]
 85%|████████▌ | 17/20 [00:07<00:01,  2.49it/s]
 90%|█████████ | 18/20 [00:07<00:00,  2.49it/s]
 95%|█████████▌| 19/20 [00:07<00:00,  2.49it/s]
100%|██████████| 20/20 [00:08<00:00,  2.49it/s]
                                               

  0%|          | 0/20 [00:00<?, ?it/s]
  5%|▌         | 1/20 [00:00<00:07,  2.56it/s]
 10%|█         | 2/20 [00:00<00:07,  2.57it/s]
 15%|█▌        | 3/20 [00:01<00:06,  2.55it/s]
 20%|██        | 4/20 [00:01<00:06,  2.56it/s]
 25%|██▌       | 5/20 [00:01<00:05,  2.55it/s]
 30%|███       | 6/20 [00:02<00:05,  2.56it/s]
